<?xml version="1.0" encoding="UTF-8"?>
<testsuites name="UserInterface_Test_Suite_Collection" time="1142.72" tests="10" failures="0" errors="0">
   <testsuite name="T106_Featue" tests="1" failures="0" errors="0" time="36.053" timestamp="2020-01-09 18:44:24" hostname="Koushik - 10.20.148.196" id="Test Suites/T106_Featue">
      <properties>
         <property name="deviceName" value=""/>
         <property name="devicePlatform" value=""/>
         <property name="logFolder" value="C:\\Users\\Koushik\\Katalon Studio\\LingoTurk AutomatedTesting\\Reports\\20200109_184415\\T106_Featue\\20200109_184415"/>
         <property name="logFiles" value="C:\\Users\\Koushik\\Katalon Studio\\LingoTurk AutomatedTesting\\Reports\\20200109_184415\\T106_Featue\\20200109_184415\\execution0.log"/>
         <property name="attachments" value=""/>
         <property name="hostName" value="Koushik - 10.20.148.196"/>
         <property name="os" value="Windows 10 64bit"/>
         <property name="katalonVersion" value="7.1.2.1"/>
         <property name="browser" value="Firefox 72.0"/>
         <property name="hostAddress" value="10.20.148.196"/>
         <property name="sessionId" value="63d9bc97-133d-4285-8b97-3ae54348d20f"/>
         <property name="seleniumVersion" value="3.141.59"/>
         <property name="proxyInformation" value="ProxyInformation{proxyOption=NO_PROXY, proxyServerType=HTTP, password=, proxyServerAddress=, proxyServerPort=0, executionList=}"/>
         <property name="platform" value="Windows 10"/>
      </properties>
      <testcase name="Test Cases/Feature_Next_Slide_Button" time="26.282" classname="Test Cases/Feature_Next_Slide_Button" status="PASSED">
         <system-out><![CDATA[2020-01-09 18:44:25 - [TEST_CASE][PASSED] - Test Cases/Feature_Next_Slide_Button: Test Cases/Feature_Next_Slide_Button

2020-01-09 18:44:25 - [TEST_STEP][PASSED] - openBrowser("http://localhost:9000/"): Browser is opened with url: 'http://localhost:9000/'

2020-01-09 18:44:26 - [MESSAGE][INFO] - Starting 'Firefox' driver

2020-01-09 18:44:26 - [MESSAGE][INFO] - Action delay is set to 0 seconds

2020-01-09 18:44:35 - [MESSAGE][PASSED] - Browser is opened with url: 'http://localhost:9000/'

2020-01-09 18:44:35 - [TEST_STEP][PASSED] - navigateToUrl("http://localhost:9000/login"): Navigate to 'http://localhost:9000/login' successfully

2020-01-09 18:44:36 - [MESSAGE][PASSED] - Navigate to 'http://localhost:9000/login' successfully

2020-01-09 18:44:36 - [TEST_STEP][PASSED] - setText(findTestObject("Object Repository/Feature_Next_Slide_Button_OR/Page_Login/input_Username_username"), "admin"): Text 'admin' is set on object 'Object Repository/Feature_Next_Slide_Button_OR/Page_Login/input_Username_username'

2020-01-09 18:44:36 - [MESSAGE][PASSED] - Text 'admin' is set on object 'Object Repository/Feature_Next_Slide_Button_OR/Page_Login/input_Username_username'

2020-01-09 18:44:36 - [TEST_STEP][PASSED] - setEncryptedText(findTestObject("Object Repository/Feature_Next_Slide_Button_OR/Page_Login/input_Password_password"), "BR2H/KIz0NBfgccJ+PbLCA=="): Text ****** has been set on object 'Object Repository/Feature_Next_Slide_Button_OR/Page_Login/input_Password_password'

2020-01-09 18:44:37 - [MESSAGE][PASSED] - Text ****** has been set on object 'Object Repository/Feature_Next_Slide_Button_OR/Page_Login/input_Password_password'

2020-01-09 18:44:37 - [TEST_STEP][PASSED] - click(findTestObject("Object Repository/Feature_Next_Slide_Button_OR/Page_Login/span_Password_glyphicon glyphicon-log-in")): Object: 'Object Repository/Feature_Next_Slide_Button_OR/Page_Login/span_Password_glyphicon glyphicon-log-in' is clicked on

2020-01-09 18:44:38 - [MESSAGE][PASSED] - Object: 'Object Repository/Feature_Next_Slide_Button_OR/Page_Login/span_Password_glyphicon glyphicon-log-in' is clicked on

2020-01-09 18:44:38 - [TEST_STEP][PASSED] - click(findTestObject("Object Repository/Feature_Next_Slide_Button_OR/Page_LINGOturk/div_Edit Experiment")): Object: 'Object Repository/Feature_Next_Slide_Button_OR/Page_LINGOturk/div_Edit Experiment' is clicked on

2020-01-09 18:44:39 - [MESSAGE][PASSED] - Object: 'Object Repository/Feature_Next_Slide_Button_OR/Page_LINGOturk/div_Edit Experiment' is clicked on

2020-01-09 18:44:39 - [TEST_STEP][PASSED] - click(findTestObject("Object Repository/Feature_Next_Slide_Button_OR/Page_Edit Experiment/div_TestSample")): Object: 'Object Repository/Feature_Next_Slide_Button_OR/Page_Edit Experiment/div_TestSample' is clicked on

2020-01-09 18:44:40 - [MESSAGE][PASSED] - Object: 'Object Repository/Feature_Next_Slide_Button_OR/Page_Edit Experiment/div_TestSample' is clicked on

2020-01-09 18:44:40 - [TEST_STEP][PASSED] - click(findTestObject("Object Repository/Feature_Next_Slide_Button_OR/Page_LINGOturk/span_Next Slide Button")): Object: 'Object Repository/Feature_Next_Slide_Button_OR/Page_LINGOturk/span_Next Slide Button' is clicked on

2020-01-09 18:44:40 - [MESSAGE][PASSED] - Object: 'Object Repository/Feature_Next_Slide_Button_OR/Page_LINGOturk/span_Next Slide Button' is clicked on

2020-01-09 18:44:40 - [TEST_STEP][PASSED] - setText(findTestObject("Object Repository/Feature_Next_Slide_Button_OR/Page_LINGOturk/input_nextSlideButton _componentName"), "Next Slide Button"): Text 'Next Slide Button' is set on object 'Object Repository/Feature_Next_Slide_Button_OR/Page_LINGOturk/input_nextSlideButton _componentName'

2020-01-09 18:44:41 - [MESSAGE][PASSED] - Text 'Next Slide Button' is set on object 'Object Repository/Feature_Next_Slide_Button_OR/Page_LINGOturk/input_nextSlideButton _componentName'

2020-01-09 18:44:41 - [TEST_STEP][PASSED] - click(findTestObject("Object Repository/Feature_Next_Slide_Button_OR/Page_LINGOturk/button_Save")): Object: 'Object Repository/Feature_Next_Slide_Button_OR/Page_LINGOturk/button_Save' is clicked on

2020-01-09 18:44:42 - [MESSAGE][PASSED] - Object: 'Object Repository/Feature_Next_Slide_Button_OR/Page_LINGOturk/button_Save' is clicked on

2020-01-09 18:44:42 - [TEST_STEP][PASSED] - click(findTestObject("Object Repository/Feature_Next_Slide_Button_OR/Page_LINGOturk/button_Add Slide")): Object: 'Object Repository/Feature_Next_Slide_Button_OR/Page_LINGOturk/button_Add Slide' is clicked on

2020-01-09 18:44:42 - [MESSAGE][PASSED] - Object: 'Object Repository/Feature_Next_Slide_Button_OR/Page_LINGOturk/button_Add Slide' is clicked on

2020-01-09 18:44:42 - [TEST_STEP][PASSED] - click(findTestObject("Object Repository/Feature_Next_Slide_Button_OR/Page_LINGOturk/button_Add Slide")): Object: 'Object Repository/Feature_Next_Slide_Button_OR/Page_LINGOturk/button_Add Slide' is clicked on

2020-01-09 18:44:43 - [MESSAGE][PASSED] - Object: 'Object Repository/Feature_Next_Slide_Button_OR/Page_LINGOturk/button_Add Slide' is clicked on

2020-01-09 18:44:43 - [TEST_STEP][PASSED] - click(findTestObject("Object Repository/Feature_Next_Slide_Button_OR/Page_LINGOturk/a_Next Slide Button")): Object: 'Object Repository/Feature_Next_Slide_Button_OR/Page_LINGOturk/a_Next Slide Button' is clicked on

2020-01-09 18:44:44 - [MESSAGE][PASSED] - Object: 'Object Repository/Feature_Next_Slide_Button_OR/Page_LINGOturk/a_Next Slide Button' is clicked on

2020-01-09 18:44:44 - [TEST_STEP][PASSED] - selectOptionByValue(findTestObject("Object Repository/Feature_Next_Slide_Button_OR/Page_LINGOturk/select_123"), "number:2", true): All options with value 'number:2' are selected in object 'Object Repository/Feature_Next_Slide_Button_OR/Page_LINGOturk/select_123'  using regular expression

2020-01-09 18:44:45 - [MESSAGE][PASSED] - All options with value 'number:2' are selected in object 'Object Repository/Feature_Next_Slide_Button_OR/Page_LINGOturk/select_123'  using regular expression

2020-01-09 18:44:45 - [TEST_STEP][PASSED] - setText(findTestObject("Object Repository/Feature_Next_Slide_Button_OR/Page_LINGOturk/input_nextSlideButton _componentName"), "Next Slide Button 2"): Text 'Next Slide Button 2' is set on object 'Object Repository/Feature_Next_Slide_Button_OR/Page_LINGOturk/input_nextSlideButton _componentName'

2020-01-09 18:44:46 - [MESSAGE][PASSED] - Text 'Next Slide Button 2' is set on object 'Object Repository/Feature_Next_Slide_Button_OR/Page_LINGOturk/input_nextSlideButton _componentName'

2020-01-09 18:44:46 - [TEST_STEP][PASSED] - click(findTestObject("Object Repository/Feature_Next_Slide_Button_OR/Page_LINGOturk/button_Save")): Object: 'Object Repository/Feature_Next_Slide_Button_OR/Page_LINGOturk/button_Save' is clicked on

2020-01-09 18:44:46 - [MESSAGE][PASSED] - Object: 'Object Repository/Feature_Next_Slide_Button_OR/Page_LINGOturk/button_Save' is clicked on

2020-01-09 18:44:46 - [TEST_STEP][PASSED] - click(findTestObject("Object Repository/Feature_Next_Slide_Button_OR/Page_LINGOturk/i_Slide 3_glyphicon glyphicon-remove tooltipclose")): Object: 'Object Repository/Feature_Next_Slide_Button_OR/Page_LINGOturk/i_Slide 3_glyphicon glyphicon-remove tooltipclose' is clicked on

2020-01-09 18:44:47 - [MESSAGE][PASSED] - Object: 'Object Repository/Feature_Next_Slide_Button_OR/Page_LINGOturk/i_Slide 3_glyphicon glyphicon-remove tooltipclose' is clicked on

2020-01-09 18:44:47 - [TEST_STEP][PASSED] - click(findTestObject("Object Repository/Feature_Next_Slide_Button_OR/Page_LINGOturk/button_OK")): Object: 'Object Repository/Feature_Next_Slide_Button_OR/Page_LINGOturk/button_OK' is clicked on

2020-01-09 18:44:48 - [MESSAGE][PASSED] - Object: 'Object Repository/Feature_Next_Slide_Button_OR/Page_LINGOturk/button_OK' is clicked on

2020-01-09 18:44:48 - [TEST_STEP][PASSED] - click(findTestObject("Object Repository/Feature_Next_Slide_Button_OR/Page_LINGOturk/span_Done Editing")): Object: 'Object Repository/Feature_Next_Slide_Button_OR/Page_LINGOturk/span_Done Editing' is clicked on

2020-01-09 18:44:49 - [MESSAGE][PASSED] - Object: 'Object Repository/Feature_Next_Slide_Button_OR/Page_LINGOturk/span_Done Editing' is clicked on

2020-01-09 18:44:49 - [TEST_STEP][PASSED] - closeBrowser(): Browser is closed

2020-01-09 18:44:51 - [MESSAGE][PASSED] - Browser is closed]]></system-out>
         <system-err><![CDATA[]]></system-err>
      </testcase>
      <system-out><![CDATA[2020-01-09 18:44:24 - [TEST_SUITE][PASSED] - T106_Featue: Test Cases/Feature_Next_Slide_Button]]></system-out>
      <system-err><![CDATA[]]></system-err>
   </testsuite>
   <testsuite name="TS101 Edit Experiment Page Option" tests="1" failures="0" errors="0" time="25.949" timestamp="2020-01-09 18:45:04" hostname="Koushik - 10.20.148.196" id="Test Suites/TS101 Edit Experiment Page Option">
      <properties>
         <property name="deviceName" value=""/>
         <property name="devicePlatform" value=""/>
         <property name="logFolder" value="C:\\Users\\Koushik\\Katalon Studio\\LingoTurk AutomatedTesting\\Reports\\20200109_184415\\TS101 Edit Experiment Page Option\\20200109_184416"/>
         <property name="logFiles" value="C:\\Users\\Koushik\\Katalon Studio\\LingoTurk AutomatedTesting\\Reports\\20200109_184415\\TS101 Edit Experiment Page Option\\20200109_184416\\execution0.log"/>
         <property name="attachments" value=""/>
         <property name="hostName" value="Koushik - 10.20.148.196"/>
         <property name="os" value="Windows 10 64bit"/>
         <property name="katalonVersion" value="7.1.2.1"/>
         <property name="browser" value="Firefox 72.0"/>
         <property name="hostAddress" value="10.20.148.196"/>
         <property name="sessionId" value="77b4e7be-64a2-40dc-b57f-1913647684df"/>
         <property name="seleniumVersion" value="3.141.59"/>
         <property name="proxyInformation" value="ProxyInformation{proxyOption=NO_PROXY, proxyServerType=HTTP, password=, proxyServerAddress=, proxyServerPort=0, executionList=}"/>
         <property name="platform" value="Windows 10"/>
      </properties>
      <testcase name="Test Cases/Edit Experiment Page Option" time="16.729" classname="Test Cases/Edit Experiment Page Option" status="PASSED">
         <system-out><![CDATA[2020-01-09 18:45:04 - [TEST_CASE][PASSED] - Test Cases/Edit Experiment Page Option: Test Cases/Edit Experiment Page Option

2020-01-09 18:45:05 - [TEST_STEP][PASSED] - openBrowser("http://localhost:9000/"): Browser is opened with url: 'http://localhost:9000/'

2020-01-09 18:45:05 - [MESSAGE][INFO] - Starting 'Firefox' driver

2020-01-09 18:45:05 - [MESSAGE][INFO] - Action delay is set to 0 seconds

2020-01-09 18:45:13 - [MESSAGE][PASSED] - Browser is opened with url: 'http://localhost:9000/'

2020-01-09 18:45:13 - [TEST_STEP][PASSED] - setText(findTestObject("Object Repository/Edit Experiment Page Option/Page_Login/input_Username_username"), "admin"): Text 'admin' is set on object 'Object Repository/Edit Experiment Page Option/Page_Login/input_Username_username'

2020-01-09 18:45:14 - [MESSAGE][PASSED] - Text 'admin' is set on object 'Object Repository/Edit Experiment Page Option/Page_Login/input_Username_username'

2020-01-09 18:45:14 - [TEST_STEP][PASSED] - setEncryptedText(findTestObject("Object Repository/Edit Experiment Page Option/Page_Login/input_Password_password"), "BR2H/KIz0NBfgccJ+PbLCA=="): Text ****** has been set on object 'Object Repository/Edit Experiment Page Option/Page_Login/input_Password_password'

2020-01-09 18:45:14 - [MESSAGE][PASSED] - Text ****** has been set on object 'Object Repository/Edit Experiment Page Option/Page_Login/input_Password_password'

2020-01-09 18:45:14 - [TEST_STEP][PASSED] - click(findTestObject("Object Repository/Edit Experiment Page Option/Page_Login/strong_Let me in")): Object: 'Object Repository/Edit Experiment Page Option/Page_Login/strong_Let me in' is clicked on

2020-01-09 18:45:15 - [MESSAGE][PASSED] - Object: 'Object Repository/Edit Experiment Page Option/Page_Login/strong_Let me in' is clicked on

2020-01-09 18:45:15 - [TEST_STEP][PASSED] - navigateToUrl("http://localhost:9000/"): Navigate to 'http://localhost:9000/' successfully

2020-01-09 18:45:16 - [MESSAGE][PASSED] - Navigate to 'http://localhost:9000/' successfully

2020-01-09 18:45:16 - [TEST_STEP][PASSED] - click(findTestObject("Object Repository/Edit Experiment Page Option/Page_LINGOturk/div_Edit Experiment")): Object: 'Object Repository/Edit Experiment Page Option/Page_LINGOturk/div_Edit Experiment' is clicked on

2020-01-09 18:45:17 - [MESSAGE][PASSED] - Object: 'Object Repository/Edit Experiment Page Option/Page_LINGOturk/div_Edit Experiment' is clicked on

2020-01-09 18:45:17 - [TEST_STEP][PASSED] - click(findTestObject("Object Repository/Edit Experiment Page Option/Page_Edit Experiment/div_TestSample")): Object: 'Object Repository/Edit Experiment Page Option/Page_Edit Experiment/div_TestSample' is clicked on

2020-01-09 18:45:18 - [MESSAGE][PASSED] - Object: 'Object Repository/Edit Experiment Page Option/Page_Edit Experiment/div_TestSample' is clicked on

2020-01-09 18:45:18 - [TEST_STEP][PASSED] - click(findTestObject("Object Repository/Edit Experiment Page Option/Page_LINGOturk/a_About")): Object: 'Object Repository/Edit Experiment Page Option/Page_LINGOturk/a_About' is clicked on

2020-01-09 18:45:18 - [MESSAGE][PASSED] - Object: 'Object Repository/Edit Experiment Page Option/Page_LINGOturk/a_About' is clicked on

2020-01-09 18:45:18 - [TEST_STEP][PASSED] - click(findTestObject("Object Repository/Edit Experiment Page Option/Page_Contact/a_Home")): Object: 'Object Repository/Edit Experiment Page Option/Page_Contact/a_Home' is clicked on

2020-01-09 18:45:19 - [MESSAGE][PASSED] - Object: 'Object Repository/Edit Experiment Page Option/Page_Contact/a_Home' is clicked on

2020-01-09 18:45:19 - [TEST_STEP][PASSED] - closeBrowser(): Browser is closed

2020-01-09 18:45:21 - [MESSAGE][PASSED] - Browser is closed]]></system-out>
         <system-err><![CDATA[]]></system-err>
      </testcase>
      <system-out><![CDATA[2020-01-09 18:45:04 - [TEST_SUITE][PASSED] - TS101 Edit Experiment Page Option: Test Cases/Edit Experiment Page Option]]></system-out>
      <system-err><![CDATA[]]></system-err>
   </testsuite>
   <testsuite name="TS102_C1_C2" tests="2" failures="0" errors="0" time="134.066" timestamp="2020-01-09 18:45:34" hostname="Koushik - 10.20.148.196" id="Test Suites/TS102_C1_C2">
      <properties>
         <property name="deviceName" value=""/>
         <property name="devicePlatform" value=""/>
         <property name="logFolder" value="C:\\Users\\Koushik\\Katalon Studio\\LingoTurk AutomatedTesting\\Reports\\20200109_184415\\TS102_C1_C2\\20200109_184417"/>
         <property name="logFiles" value="C:\\Users\\Koushik\\Katalon Studio\\LingoTurk AutomatedTesting\\Reports\\20200109_184415\\TS102_C1_C2\\20200109_184417\\execution0.log"/>
         <property name="attachments" value=""/>
         <property name="hostName" value="Koushik - 10.20.148.196"/>
         <property name="os" value="Windows 10 64bit"/>
         <property name="katalonVersion" value="7.1.2.1"/>
         <property name="browser" value="Firefox 72.0"/>
         <property name="hostAddress" value="10.20.148.196"/>
         <property name="sessionId" value="ea5e7010-98d3-4de6-b819-b91dd833ac4d"/>
         <property name="seleniumVersion" value="3.141.59"/>
         <property name="proxyInformation" value="ProxyInformation{proxyOption=NO_PROXY, proxyServerType=HTTP, password=, proxyServerAddress=, proxyServerPort=0, executionList=}"/>
         <property name="platform" value="Windows 10"/>
      </properties>
      <testcase name="Test Cases/C1_TextAnswer" time="66.645" classname="Test Cases/C1_TextAnswer" status="PASSED">
         <system-out><![CDATA[2020-01-09 18:45:34 - [TEST_CASE][PASSED] - Test Cases/C1_TextAnswer: Test Cases/C1_TextAnswer

2020-01-09 18:45:35 - [TEST_STEP][PASSED] - openBrowser("http://localhost:9000/"): Browser is opened with url: 'http://localhost:9000/'

2020-01-09 18:45:35 - [MESSAGE][INFO] - Starting 'Firefox' driver

2020-01-09 18:45:36 - [MESSAGE][INFO] - Action delay is set to 0 seconds

2020-01-09 18:45:44 - [MESSAGE][PASSED] - Browser is opened with url: 'http://localhost:9000/'

2020-01-09 18:45:44 - [TEST_STEP][PASSED] - setText(findTestObject("Object Repository/C1_TextAnswer_OR/Page_Login/input_Username_username"), "admin"): Text 'admin' is set on object 'Object Repository/C1_TextAnswer_OR/Page_Login/input_Username_username'

2020-01-09 18:45:44 - [MESSAGE][PASSED] - Text 'admin' is set on object 'Object Repository/C1_TextAnswer_OR/Page_Login/input_Username_username'

2020-01-09 18:45:44 - [TEST_STEP][PASSED] - setEncryptedText(findTestObject("Object Repository/C1_TextAnswer_OR/Page_Login/input_Password_password"), "BR2H/KIz0NBfgccJ+PbLCA=="): Text ****** has been set on object 'Object Repository/C1_TextAnswer_OR/Page_Login/input_Password_password'

2020-01-09 18:45:45 - [MESSAGE][PASSED] - Text ****** has been set on object 'Object Repository/C1_TextAnswer_OR/Page_Login/input_Password_password'

2020-01-09 18:45:45 - [TEST_STEP][PASSED] - click(findTestObject("Object Repository/C1_TextAnswer_OR/Page_Login/button_Let me in")): Object: 'Object Repository/C1_TextAnswer_OR/Page_Login/button_Let me in' is clicked on

2020-01-09 18:45:46 - [MESSAGE][PASSED] - Object: 'Object Repository/C1_TextAnswer_OR/Page_Login/button_Let me in' is clicked on

2020-01-09 18:45:46 - [TEST_STEP][PASSED] - navigateToUrl("http://localhost:9000/"): Navigate to 'http://localhost:9000/' successfully

2020-01-09 18:45:46 - [MESSAGE][PASSED] - Navigate to 'http://localhost:9000/' successfully

2020-01-09 18:45:46 - [TEST_STEP][PASSED] - click(findTestObject("Object Repository/C1_TextAnswer_OR/Page_LINGOturk/div_Edit Experiment")): Object: 'Object Repository/C1_TextAnswer_OR/Page_LINGOturk/div_Edit Experiment' is clicked on

2020-01-09 18:45:47 - [MESSAGE][PASSED] - Object: 'Object Repository/C1_TextAnswer_OR/Page_LINGOturk/div_Edit Experiment' is clicked on

2020-01-09 18:45:47 - [TEST_STEP][PASSED] - click(findTestObject("Object Repository/C1_TextAnswer_OR/Page_Edit Experiment/div_ChoiceAndComment")): Object: 'Object Repository/C1_TextAnswer_OR/Page_Edit Experiment/div_ChoiceAndComment' is clicked on

2020-01-09 18:45:48 - [MESSAGE][PASSED] - Object: 'Object Repository/C1_TextAnswer_OR/Page_Edit Experiment/div_ChoiceAndComment' is clicked on

2020-01-09 18:45:48 - [TEST_STEP][PASSED] - click(findTestObject("Object Repository/C1_TextAnswer_OR/Page_LINGOturk/span_Text Answer")): Object: 'Object Repository/C1_TextAnswer_OR/Page_LINGOturk/span_Text Answer' is clicked on

2020-01-09 18:45:48 - [MESSAGE][PASSED] - Object: 'Object Repository/C1_TextAnswer_OR/Page_LINGOturk/span_Text Answer' is clicked on

2020-01-09 18:45:48 - [TEST_STEP][PASSED] - setText(findTestObject("Object Repository/C1_TextAnswer_OR/Page_LINGOturk/input_textAnswer _componentName"), "textanswer sample"): Text 'textanswer sample' is set on object 'Object Repository/C1_TextAnswer_OR/Page_LINGOturk/input_textAnswer _componentName'

2020-01-09 18:45:49 - [MESSAGE][PASSED] - Text 'textanswer sample' is set on object 'Object Repository/C1_TextAnswer_OR/Page_LINGOturk/input_textAnswer _componentName'

2020-01-09 18:45:49 - [TEST_STEP][PASSED] - click(findTestObject("Object Repository/C1_TextAnswer_OR/Page_LINGOturk/div_Add Option")): Object: 'Object Repository/C1_TextAnswer_OR/Page_LINGOturk/div_Add Option' is clicked on

2020-01-09 18:45:50 - [MESSAGE][PASSED] - Object: 'Object Repository/C1_TextAnswer_OR/Page_LINGOturk/div_Add Option' is clicked on

2020-01-09 18:45:50 - [TEST_STEP][PASSED] - click(findTestObject("Object Repository/C1_TextAnswer_OR/Page_LINGOturk/button_Add Option")): Object: 'Object Repository/C1_TextAnswer_OR/Page_LINGOturk/button_Add Option' is clicked on

2020-01-09 18:45:50 - [MESSAGE][PASSED] - Object: 'Object Repository/C1_TextAnswer_OR/Page_LINGOturk/button_Add Option' is clicked on

2020-01-09 18:45:50 - [TEST_STEP][PASSED] - selectOptionByValue(findTestObject("Object Repository/C1_TextAnswer_OR/Page_LINGOturk/select_-- select option name -- restrictAns_55f4fb"), "string:options", true): All options with value 'string:options' are selected in object 'Object Repository/C1_TextAnswer_OR/Page_LINGOturk/select_-- select option name -- restrictAns_55f4fb'  using regular expression

2020-01-09 18:45:52 - [MESSAGE][PASSED] - All options with value 'string:options' are selected in object 'Object Repository/C1_TextAnswer_OR/Page_LINGOturk/select_-- select option name -- restrictAns_55f4fb'  using regular expression

2020-01-09 18:45:52 - [TEST_STEP][PASSED] - selectOptionByValue(findTestObject("Object Repository/C1_TextAnswer_OR/Page_LINGOturk/select_-- select csv field -- sentence"), "string:sentence", true): All options with value 'string:sentence' are selected in object 'Object Repository/C1_TextAnswer_OR/Page_LINGOturk/select_-- select csv field -- sentence'  using regular expression

2020-01-09 18:45:53 - [MESSAGE][PASSED] - All options with value 'string:sentence' are selected in object 'Object Repository/C1_TextAnswer_OR/Page_LINGOturk/select_-- select csv field -- sentence'  using regular expression

2020-01-09 18:45:53 - [TEST_STEP][PASSED] - click(findTestObject("Object Repository/C1_TextAnswer_OR/Page_LINGOturk/button_Add Option")): Object: 'Object Repository/C1_TextAnswer_OR/Page_LINGOturk/button_Add Option' is clicked on

2020-01-09 18:45:54 - [MESSAGE][PASSED] - Object: 'Object Repository/C1_TextAnswer_OR/Page_LINGOturk/button_Add Option' is clicked on

2020-01-09 18:45:54 - [TEST_STEP][PASSED] - selectOptionByValue(findTestObject("Object Repository/C1_TextAnswer_OR/Page_LINGOturk/select_-- select option name -- restrictAns_55f4fb"), "string:options", true): All options with value 'string:options' are selected in object 'Object Repository/C1_TextAnswer_OR/Page_LINGOturk/select_-- select option name -- restrictAns_55f4fb'  using regular expression

2020-01-09 18:45:55 - [MESSAGE][PASSED] - All options with value 'string:options' are selected in object 'Object Repository/C1_TextAnswer_OR/Page_LINGOturk/select_-- select option name -- restrictAns_55f4fb'  using regular expression

2020-01-09 18:45:55 - [TEST_STEP][PASSED] - selectOptionByValue(findTestObject("Object Repository/C1_TextAnswer_OR/Page_LINGOturk/select_-- select csv field -- sentence"), "string:sentence", true): All options with value 'string:sentence' are selected in object 'Object Repository/C1_TextAnswer_OR/Page_LINGOturk/select_-- select csv field -- sentence'  using regular expression

2020-01-09 18:45:55 - [MESSAGE][PASSED] - All options with value 'string:sentence' are selected in object 'Object Repository/C1_TextAnswer_OR/Page_LINGOturk/select_-- select csv field -- sentence'  using regular expression

2020-01-09 18:45:55 - [TEST_STEP][PASSED] - click(findTestObject("Object Repository/C1_TextAnswer_OR/Page_LINGOturk/button_Add Condition")): Object: 'Object Repository/C1_TextAnswer_OR/Page_LINGOturk/button_Add Condition' is clicked on

2020-01-09 18:45:56 - [MESSAGE][PASSED] - Object: 'Object Repository/C1_TextAnswer_OR/Page_LINGOturk/button_Add Condition' is clicked on

2020-01-09 18:45:56 - [TEST_STEP][PASSED] - selectOptionByValue(findTestObject("Object Repository/C1_TextAnswer_OR/Page_LINGOturk/select_-- select option -- mandatoryallowMu_2f4d0b"), "string:mandatory", true): All options with value 'string:mandatory' are selected in object 'Object Repository/C1_TextAnswer_OR/Page_LINGOturk/select_-- select option -- mandatoryallowMu_2f4d0b'  using regular expression

2020-01-09 18:45:57 - [MESSAGE][PASSED] - All options with value 'string:mandatory' are selected in object 'Object Repository/C1_TextAnswer_OR/Page_LINGOturk/select_-- select option -- mandatoryallowMu_2f4d0b'  using regular expression

2020-01-09 18:45:57 - [TEST_STEP][PASSED] - click(findTestObject("Object Repository/C1_TextAnswer_OR/Page_LINGOturk/button_Save")): Object: 'Object Repository/C1_TextAnswer_OR/Page_LINGOturk/button_Save' is clicked on

2020-01-09 18:45:58 - [MESSAGE][PASSED] - Object: 'Object Repository/C1_TextAnswer_OR/Page_LINGOturk/button_Save' is clicked on

2020-01-09 18:45:58 - [TEST_STEP][PASSED] - click(findTestObject("Object Repository/C1_TextAnswer_OR/Page_LINGOturk/button_Edit")): Object: 'Object Repository/C1_TextAnswer_OR/Page_LINGOturk/button_Edit' is clicked on

2020-01-09 18:45:59 - [MESSAGE][PASSED] - Object: 'Object Repository/C1_TextAnswer_OR/Page_LINGOturk/button_Edit' is clicked on

2020-01-09 18:45:59 - [TEST_STEP][PASSED] - click(findTestObject("Object Repository/C1_TextAnswer_OR/Page_LINGOturk/button_-")): Object: 'Object Repository/C1_TextAnswer_OR/Page_LINGOturk/button_-' is clicked on

2020-01-09 18:45:59 - [MESSAGE][PASSED] - Object: 'Object Repository/C1_TextAnswer_OR/Page_LINGOturk/button_-' is clicked on

2020-01-09 18:45:59 - [TEST_STEP][PASSED] - click(findTestObject("Object Repository/C1_TextAnswer_OR/Page_LINGOturk/div_True                                   _81d48e")): Object: 'Object Repository/C1_TextAnswer_OR/Page_LINGOturk/div_True                                   _81d48e' is clicked on

2020-01-09 18:46:00 - [MESSAGE][PASSED] - Object: 'Object Repository/C1_TextAnswer_OR/Page_LINGOturk/div_True                                   _81d48e' is clicked on

2020-01-09 18:46:00 - [TEST_STEP][PASSED] - click(findTestObject("Object Repository/C1_TextAnswer_OR/Page_LINGOturk/div_False")): Object: 'Object Repository/C1_TextAnswer_OR/Page_LINGOturk/div_False' is clicked on

2020-01-09 18:46:00 - [MESSAGE][PASSED] - Object: 'Object Repository/C1_TextAnswer_OR/Page_LINGOturk/div_False' is clicked on

2020-01-09 18:46:00 - [TEST_STEP][PASSED] - click(findTestObject("Object Repository/C1_TextAnswer_OR/Page_LINGOturk/input_True_114")): Object: 'Object Repository/C1_TextAnswer_OR/Page_LINGOturk/input_True_114' is clicked on

2020-01-09 18:46:01 - [MESSAGE][PASSED] - Object: 'Object Repository/C1_TextAnswer_OR/Page_LINGOturk/input_True_114' is clicked on

2020-01-09 18:46:01 - [TEST_STEP][PASSED] - click(findTestObject("Object Repository/C1_TextAnswer_OR/Page_LINGOturk/button_Save")): Object: 'Object Repository/C1_TextAnswer_OR/Page_LINGOturk/button_Save' is clicked on

2020-01-09 18:46:01 - [MESSAGE][ERROR] - TypeError: rect is undefined
Build info: version: '3.141.59', revision: 'e82be7d358', time: '2018-11-14T08:25:53'
System info: host: 'DESKTOP-PDN4RJ0', ip: '10.20.148.196', os.name: 'Windows 10', os.arch: 'amd64', os.version: '10.0', java.version: '1.8.0_181'
Driver info: com.kms.katalon.core.webui.driver.firefox.CGeckoDriver
Capabilities {acceptInsecureCerts: true, browserName: firefox, browserVersion: 72.0.1, javascriptEnabled: true, moz:accessibilityChecks: false, moz:buildID: 20200107212822, moz:geckodriverVersion: 0.23.0, moz:headless: false, moz:processID: 15904, moz:profile: C:\Users\Koushik\AppData\Lo..., moz:shutdownTimeout: 60000, moz:useNonSpecCompliantPointerOrigin: false, moz:webdriverClick: true, pageLoadStrategy: normal, platform: WINDOWS, platformName: WINDOWS, platformVersion: 10.0, proxy: Proxy(direct), rotatable: false, setWindowRect: true, strictFileInteractability: false, timeouts: {implicit: 0, pageLoad: 300000, script: 30000}, unhandledPromptBehavior: dismiss and notify}
Session ID: 4f6ced25-5d06-40bd-9e08-81fb9423d4f2

2020-01-09 18:46:31 - [MESSAGE][ERROR] - TypeError: rect is undefined
Build info: version: '3.141.59', revision: 'e82be7d358', time: '2018-11-14T08:25:53'
System info: host: 'DESKTOP-PDN4RJ0', ip: '10.20.148.196', os.name: 'Windows 10', os.arch: 'amd64', os.version: '10.0', java.version: '1.8.0_181'
Driver info: com.kms.katalon.core.webui.driver.firefox.CGeckoDriver
Capabilities {acceptInsecureCerts: true, browserName: firefox, browserVersion: 72.0.1, javascriptEnabled: true, moz:accessibilityChecks: false, moz:buildID: 20200107212822, moz:geckodriverVersion: 0.23.0, moz:headless: false, moz:processID: 15904, moz:profile: C:\Users\Koushik\AppData\Lo..., moz:shutdownTimeout: 60000, moz:useNonSpecCompliantPointerOrigin: false, moz:webdriverClick: true, pageLoadStrategy: normal, platform: WINDOWS, platformName: WINDOWS, platformVersion: 10.0, proxy: Proxy(direct), rotatable: false, setWindowRect: true, strictFileInteractability: false, timeouts: {implicit: 0, pageLoad: 300000, script: 30000}, unhandledPromptBehavior: dismiss and notify}
Session ID: 4f6ced25-5d06-40bd-9e08-81fb9423d4f2

2020-01-09 18:46:32 - [MESSAGE][PASSED] - Object: 'Object Repository/C1_TextAnswer_OR/Page_LINGOturk/button_Save' is clicked on

2020-01-09 18:46:32 - [TEST_STEP][PASSED] - click(findTestObject("Object Repository/C1_TextAnswer_OR/Page_LINGOturk/button_Done Editing")): Object: 'Object Repository/C1_TextAnswer_OR/Page_LINGOturk/button_Done Editing' is clicked on

2020-01-09 18:46:33 - [MESSAGE][PASSED] - Object: 'Object Repository/C1_TextAnswer_OR/Page_LINGOturk/button_Done Editing' is clicked on

2020-01-09 18:46:33 - [TEST_STEP][PASSED] - click(findTestObject("Object Repository/C1_TextAnswer_OR/Page_LINGOturk/button_OK")): Object: 'Object Repository/C1_TextAnswer_OR/Page_LINGOturk/button_OK' is clicked on

2020-01-09 18:46:39 - [MESSAGE][PASSED] - Object: 'Object Repository/C1_TextAnswer_OR/Page_LINGOturk/button_OK' is clicked on

2020-01-09 18:46:39 - [TEST_STEP][PASSED] - closeBrowser(): Browser is closed

2020-01-09 18:46:41 - [MESSAGE][PASSED] - Browser is closed]]></system-out>
         <system-err><![CDATA[]]></system-err>
      </testcase>
      <testcase name="Test Cases/C2_Question" time="48.493" classname="Test Cases/C2_Question" status="PASSED">
         <system-out><![CDATA[2020-01-09 18:46:41 - [TEST_CASE][PASSED] - Test Cases/C2_Question: Test Cases/C2_Question

2020-01-09 18:46:41 - [TEST_STEP][PASSED] - openBrowser("http://localhost:9000/"): Browser is opened with url: 'http://localhost:9000/'

2020-01-09 18:46:41 - [MESSAGE][INFO] - Starting 'Firefox' driver

2020-01-09 18:46:54 - [MESSAGE][PASSED] - Browser is opened with url: 'http://localhost:9000/'

2020-01-09 18:46:54 - [TEST_STEP][PASSED] - setText(findTestObject("Object Repository/C2_Question_OR/Page_Login/input_Username_username"), "admin"): Text 'admin' is set on object 'Object Repository/C2_Question_OR/Page_Login/input_Username_username'

2020-01-09 18:46:54 - [MESSAGE][PASSED] - Text 'admin' is set on object 'Object Repository/C2_Question_OR/Page_Login/input_Username_username'

2020-01-09 18:46:54 - [TEST_STEP][PASSED] - setEncryptedText(findTestObject("Object Repository/C2_Question_OR/Page_Login/input_Password_password"), "BR2H/KIz0NBfgccJ+PbLCA=="): Text ****** has been set on object 'Object Repository/C2_Question_OR/Page_Login/input_Password_password'

2020-01-09 18:46:55 - [MESSAGE][PASSED] - Text ****** has been set on object 'Object Repository/C2_Question_OR/Page_Login/input_Password_password'

2020-01-09 18:46:55 - [TEST_STEP][PASSED] - sendKeys(findTestObject("Object Repository/C2_Question_OR/Page_Login/input_Password_password"), Keys.chord(ENTER)): Keys 'ENTER + ' sent to object: 'Object Repository/C2_Question_OR/Page_Login/input_Password_password'

2020-01-09 18:46:55 - [MESSAGE][PASSED] - Keys 'ENTER + ' sent to object: 'Object Repository/C2_Question_OR/Page_Login/input_Password_password'

2020-01-09 18:46:55 - [TEST_STEP][PASSED] - click(findTestObject("Object Repository/C2_Question_OR/Page_LINGOturk/div_Edit Experiment")): Object: 'Object Repository/C2_Question_OR/Page_LINGOturk/div_Edit Experiment' is clicked on

2020-01-09 18:46:57 - [MESSAGE][PASSED] - Object: 'Object Repository/C2_Question_OR/Page_LINGOturk/div_Edit Experiment' is clicked on

2020-01-09 18:46:57 - [TEST_STEP][PASSED] - click(findTestObject("Object Repository/C2_Question_OR/Page_Edit Experiment/div_ChoiceAndComment")): Object: 'Object Repository/C2_Question_OR/Page_Edit Experiment/div_ChoiceAndComment' is clicked on

2020-01-09 18:46:58 - [MESSAGE][PASSED] - Object: 'Object Repository/C2_Question_OR/Page_Edit Experiment/div_ChoiceAndComment' is clicked on

2020-01-09 18:46:58 - [TEST_STEP][PASSED] - click(findTestObject("Object Repository/C2_Question_OR/Page_LINGOturk/span_Question")): Object: 'Object Repository/C2_Question_OR/Page_LINGOturk/span_Question' is clicked on

2020-01-09 18:46:59 - [MESSAGE][PASSED] - Object: 'Object Repository/C2_Question_OR/Page_LINGOturk/span_Question' is clicked on

2020-01-09 18:46:59 - [TEST_STEP][PASSED] - selectOptionByValue(findTestObject("Object Repository/C2_Question_OR/Page_LINGOturk/select_-- select csv field -- sentence"), "string:sentence", true): All options with value 'string:sentence' are selected in object 'Object Repository/C2_Question_OR/Page_LINGOturk/select_-- select csv field -- sentence'  using regular expression

2020-01-09 18:47:00 - [MESSAGE][PASSED] - All options with value 'string:sentence' are selected in object 'Object Repository/C2_Question_OR/Page_LINGOturk/select_-- select csv field -- sentence'  using regular expression

2020-01-09 18:47:00 - [TEST_STEP][PASSED] - click(findTestObject("Object Repository/C2_Question_OR/Page_LINGOturk/button_Add Option")): Object: 'Object Repository/C2_Question_OR/Page_LINGOturk/button_Add Option' is clicked on

2020-01-09 18:47:01 - [MESSAGE][PASSED] - Object: 'Object Repository/C2_Question_OR/Page_LINGOturk/button_Add Option' is clicked on

2020-01-09 18:47:01 - [TEST_STEP][PASSED] - selectOptionByValue(findTestObject("Object Repository/C2_Question_OR/Page_LINGOturk/select_-- select option name -- restrictAns_55f4fb"), "string:restrictAnswer", true): All options with value 'string:restrictAnswer' are selected in object 'Object Repository/C2_Question_OR/Page_LINGOturk/select_-- select option name -- restrictAns_55f4fb'  using regular expression

2020-01-09 18:47:02 - [MESSAGE][PASSED] - All options with value 'string:restrictAnswer' are selected in object 'Object Repository/C2_Question_OR/Page_LINGOturk/select_-- select option name -- restrictAns_55f4fb'  using regular expression

2020-01-09 18:47:02 - [TEST_STEP][PASSED] - selectOptionByValue(findTestObject("Object Repository/C2_Question_OR/Page_LINGOturk/select_-- select csv field -- sentence_1"), "string:sentence", true): All options with value 'string:sentence' are selected in object 'Object Repository/C2_Question_OR/Page_LINGOturk/select_-- select csv field -- sentence_1'  using regular expression

2020-01-09 18:47:04 - [MESSAGE][PASSED] - All options with value 'string:sentence' are selected in object 'Object Repository/C2_Question_OR/Page_LINGOturk/select_-- select csv field -- sentence_1'  using regular expression

2020-01-09 18:47:04 - [TEST_STEP][PASSED] - click(findTestObject("Object Repository/C2_Question_OR/Page_LINGOturk/button_Add Option")): Object: 'Object Repository/C2_Question_OR/Page_LINGOturk/button_Add Option' is clicked on

2020-01-09 18:47:04 - [MESSAGE][PASSED] - Object: 'Object Repository/C2_Question_OR/Page_LINGOturk/button_Add Option' is clicked on

2020-01-09 18:47:04 - [TEST_STEP][PASSED] - selectOptionByValue(findTestObject("Object Repository/C2_Question_OR/Page_LINGOturk/select_-- select option name -- restrictAns_55f4fb"), "string:restrictAnswer", true): All options with value 'string:restrictAnswer' are selected in object 'Object Repository/C2_Question_OR/Page_LINGOturk/select_-- select option name -- restrictAns_55f4fb'  using regular expression

2020-01-09 18:47:05 - [MESSAGE][PASSED] - All options with value 'string:restrictAnswer' are selected in object 'Object Repository/C2_Question_OR/Page_LINGOturk/select_-- select option name -- restrictAns_55f4fb'  using regular expression

2020-01-09 18:47:05 - [TEST_STEP][PASSED] - selectOptionByValue(findTestObject("Object Repository/C2_Question_OR/Page_LINGOturk/select_-- select csv field -- sentence_1"), "string:sentence", true): All options with value 'string:sentence' are selected in object 'Object Repository/C2_Question_OR/Page_LINGOturk/select_-- select csv field -- sentence_1'  using regular expression

2020-01-09 18:47:06 - [MESSAGE][PASSED] - All options with value 'string:sentence' are selected in object 'Object Repository/C2_Question_OR/Page_LINGOturk/select_-- select csv field -- sentence_1'  using regular expression

2020-01-09 18:47:06 - [TEST_STEP][PASSED] - click(findTestObject("Object Repository/C2_Question_OR/Page_LINGOturk/button_Add Condition")): Object: 'Object Repository/C2_Question_OR/Page_LINGOturk/button_Add Condition' is clicked on

2020-01-09 18:47:07 - [MESSAGE][PASSED] - Object: 'Object Repository/C2_Question_OR/Page_LINGOturk/button_Add Condition' is clicked on

2020-01-09 18:47:07 - [TEST_STEP][PASSED] - selectOptionByValue(findTestObject("Object Repository/C2_Question_OR/Page_LINGOturk/select_-- select option -- mandatoryallowMu_2f4d0b"), "string:mandatory", true): All options with value 'string:mandatory' are selected in object 'Object Repository/C2_Question_OR/Page_LINGOturk/select_-- select option -- mandatoryallowMu_2f4d0b'  using regular expression

2020-01-09 18:47:08 - [MESSAGE][PASSED] - All options with value 'string:mandatory' are selected in object 'Object Repository/C2_Question_OR/Page_LINGOturk/select_-- select option -- mandatoryallowMu_2f4d0b'  using regular expression

2020-01-09 18:47:08 - [TEST_STEP][PASSED] - selectOptionByValue(findTestObject("Object Repository/C2_Question_OR/Page_LINGOturk/select_-- select csv field -- truefalse"), "string:false", true): All options with value 'string:false' are selected in object 'Object Repository/C2_Question_OR/Page_LINGOturk/select_-- select csv field -- truefalse'  using regular expression

2020-01-09 18:47:09 - [MESSAGE][PASSED] - All options with value 'string:false' are selected in object 'Object Repository/C2_Question_OR/Page_LINGOturk/select_-- select csv field -- truefalse'  using regular expression

2020-01-09 18:47:09 - [TEST_STEP][PASSED] - click(findTestObject("Object Repository/C2_Question_OR/Page_LINGOturk/button_Save")): Object: 'Object Repository/C2_Question_OR/Page_LINGOturk/button_Save' is clicked on

2020-01-09 18:47:10 - [MESSAGE][PASSED] - Object: 'Object Repository/C2_Question_OR/Page_LINGOturk/button_Save' is clicked on

2020-01-09 18:47:10 - [TEST_STEP][PASSED] - click(findTestObject("Object Repository/C2_Question_OR/Page_LINGOturk/span_Text Answer")): Object: 'Object Repository/C2_Question_OR/Page_LINGOturk/span_Text Answer' is clicked on

2020-01-09 18:47:10 - [MESSAGE][PASSED] - Object: 'Object Repository/C2_Question_OR/Page_LINGOturk/span_Text Answer' is clicked on

2020-01-09 18:47:10 - [TEST_STEP][PASSED] - click(findTestObject("Object Repository/C2_Question_OR/Page_LINGOturk/button_Close")): Object: 'Object Repository/C2_Question_OR/Page_LINGOturk/button_Close' is clicked on

2020-01-09 18:47:11 - [MESSAGE][PASSED] - Object: 'Object Repository/C2_Question_OR/Page_LINGOturk/button_Close' is clicked on

2020-01-09 18:47:11 - [TEST_STEP][PASSED] - click(findTestObject("Object Repository/C2_Question_OR/Page_LINGOturk/span_Question")): Object: 'Object Repository/C2_Question_OR/Page_LINGOturk/span_Question' is clicked on

2020-01-09 18:47:12 - [MESSAGE][PASSED] - Object: 'Object Repository/C2_Question_OR/Page_LINGOturk/span_Question' is clicked on

2020-01-09 18:47:12 - [TEST_STEP][PASSED] - selectOptionByValue(findTestObject("Object Repository/C2_Question_OR/Page_LINGOturk/select_-- select csv field -- sentence"), "string:sentence", true): All options with value 'string:sentence' are selected in object 'Object Repository/C2_Question_OR/Page_LINGOturk/select_-- select csv field -- sentence'  using regular expression

2020-01-09 18:47:13 - [MESSAGE][PASSED] - All options with value 'string:sentence' are selected in object 'Object Repository/C2_Question_OR/Page_LINGOturk/select_-- select csv field -- sentence'  using regular expression

2020-01-09 18:47:13 - [TEST_STEP][PASSED] - click(findTestObject("Object Repository/C2_Question_OR/Page_LINGOturk/button_Add Option")): Object: 'Object Repository/C2_Question_OR/Page_LINGOturk/button_Add Option' is clicked on

2020-01-09 18:47:14 - [MESSAGE][PASSED] - Object: 'Object Repository/C2_Question_OR/Page_LINGOturk/button_Add Option' is clicked on

2020-01-09 18:47:14 - [TEST_STEP][PASSED] - selectOptionByValue(findTestObject("Object Repository/C2_Question_OR/Page_LINGOturk/select_-- select option name -- restrictAns_55f4fb"), "string:options", true): All options with value 'string:options' are selected in object 'Object Repository/C2_Question_OR/Page_LINGOturk/select_-- select option name -- restrictAns_55f4fb'  using regular expression

2020-01-09 18:47:15 - [MESSAGE][PASSED] - All options with value 'string:options' are selected in object 'Object Repository/C2_Question_OR/Page_LINGOturk/select_-- select option name -- restrictAns_55f4fb'  using regular expression

2020-01-09 18:47:15 - [TEST_STEP][PASSED] - selectOptionByValue(findTestObject("Object Repository/C2_Question_OR/Page_LINGOturk/select_-- select csv field -- sentence_1"), "string:sentence", true): All options with value 'string:sentence' are selected in object 'Object Repository/C2_Question_OR/Page_LINGOturk/select_-- select csv field -- sentence_1'  using regular expression

2020-01-09 18:47:16 - [MESSAGE][PASSED] - All options with value 'string:sentence' are selected in object 'Object Repository/C2_Question_OR/Page_LINGOturk/select_-- select csv field -- sentence_1'  using regular expression

2020-01-09 18:47:16 - [TEST_STEP][PASSED] - click(findTestObject("Object Repository/C2_Question_OR/Page_LINGOturk/button_Add Option")): Object: 'Object Repository/C2_Question_OR/Page_LINGOturk/button_Add Option' is clicked on

2020-01-09 18:47:17 - [MESSAGE][PASSED] - Object: 'Object Repository/C2_Question_OR/Page_LINGOturk/button_Add Option' is clicked on

2020-01-09 18:47:17 - [TEST_STEP][PASSED] - selectOptionByValue(findTestObject("Object Repository/C2_Question_OR/Page_LINGOturk/select_-- select option name -- restrictAns_55f4fb"), "string:options", true): All options with value 'string:options' are selected in object 'Object Repository/C2_Question_OR/Page_LINGOturk/select_-- select option name -- restrictAns_55f4fb'  using regular expression

2020-01-09 18:47:18 - [MESSAGE][PASSED] - All options with value 'string:options' are selected in object 'Object Repository/C2_Question_OR/Page_LINGOturk/select_-- select option name -- restrictAns_55f4fb'  using regular expression

2020-01-09 18:47:18 - [TEST_STEP][PASSED] - selectOptionByValue(findTestObject("Object Repository/C2_Question_OR/Page_LINGOturk/select_-- select csv field -- sentence_1"), "string:sentence", true): All options with value 'string:sentence' are selected in object 'Object Repository/C2_Question_OR/Page_LINGOturk/select_-- select csv field -- sentence_1'  using regular expression

2020-01-09 18:47:18 - [MESSAGE][PASSED] - All options with value 'string:sentence' are selected in object 'Object Repository/C2_Question_OR/Page_LINGOturk/select_-- select csv field -- sentence_1'  using regular expression

2020-01-09 18:47:18 - [TEST_STEP][PASSED] - click(findTestObject("Object Repository/C2_Question_OR/Page_LINGOturk/button_Add Condition")): Object: 'Object Repository/C2_Question_OR/Page_LINGOturk/button_Add Condition' is clicked on

2020-01-09 18:47:19 - [MESSAGE][PASSED] - Object: 'Object Repository/C2_Question_OR/Page_LINGOturk/button_Add Condition' is clicked on

2020-01-09 18:47:19 - [TEST_STEP][PASSED] - selectOptionByValue(findTestObject("Object Repository/C2_Question_OR/Page_LINGOturk/select_-- select option -- mandatoryallowMu_2f4d0b"), "string:mandatory", true): All options with value 'string:mandatory' are selected in object 'Object Repository/C2_Question_OR/Page_LINGOturk/select_-- select option -- mandatoryallowMu_2f4d0b'  using regular expression

2020-01-09 18:47:20 - [MESSAGE][PASSED] - All options with value 'string:mandatory' are selected in object 'Object Repository/C2_Question_OR/Page_LINGOturk/select_-- select option -- mandatoryallowMu_2f4d0b'  using regular expression

2020-01-09 18:47:20 - [TEST_STEP][PASSED] - click(findTestObject("Object Repository/C2_Question_OR/Page_LINGOturk/button_Save")): Object: 'Object Repository/C2_Question_OR/Page_LINGOturk/button_Save' is clicked on

2020-01-09 18:47:21 - [MESSAGE][PASSED] - Object: 'Object Repository/C2_Question_OR/Page_LINGOturk/button_Save' is clicked on

2020-01-09 18:47:21 - [TEST_STEP][PASSED] - click(findTestObject("Object Repository/C2_Question_OR/Page_LINGOturk/button_Delete")): Object: 'Object Repository/C2_Question_OR/Page_LINGOturk/button_Delete' is clicked on

2020-01-09 18:47:22 - [MESSAGE][PASSED] - Object: 'Object Repository/C2_Question_OR/Page_LINGOturk/button_Delete' is clicked on

2020-01-09 18:47:22 - [TEST_STEP][PASSED] - click(findTestObject("Object Repository/C2_Question_OR/Page_LINGOturk/button_OK")): Object: 'Object Repository/C2_Question_OR/Page_LINGOturk/button_OK' is clicked on

2020-01-09 18:47:23 - [MESSAGE][PASSED] - Object: 'Object Repository/C2_Question_OR/Page_LINGOturk/button_OK' is clicked on

2020-01-09 18:47:23 - [TEST_STEP][PASSED] - click(findTestObject("Object Repository/C2_Question_OR/Page_LINGOturk/span_Done Editing")): Object: 'Object Repository/C2_Question_OR/Page_LINGOturk/span_Done Editing' is clicked on

2020-01-09 18:47:23 - [MESSAGE][PASSED] - Object: 'Object Repository/C2_Question_OR/Page_LINGOturk/span_Done Editing' is clicked on

2020-01-09 18:47:23 - [TEST_STEP][PASSED] - click(findTestObject("Object Repository/C2_Question_OR/Page_LINGOturk/button_OK")): Object: 'Object Repository/C2_Question_OR/Page_LINGOturk/button_OK' is clicked on

2020-01-09 18:47:29 - [MESSAGE][PASSED] - Object: 'Object Repository/C2_Question_OR/Page_LINGOturk/button_OK' is clicked on]]></system-out>
         <system-err><![CDATA[]]></system-err>
      </testcase>
      <system-out><![CDATA[2020-01-09 18:45:34 - [TEST_SUITE][PASSED] - TS102_C1_C2: Test Cases/C2_Question]]></system-out>
      <system-err><![CDATA[]]></system-err>
   </testsuite>
   <testsuite name="TS103_C3_C4" tests="2" failures="0" errors="0" time="453.893" timestamp="2020-01-09 18:47:52" hostname="Koushik - 10.20.148.196" id="Test Suites/TS103_C3_C4">
      <properties>
         <property name="deviceName" value=""/>
         <property name="devicePlatform" value=""/>
         <property name="logFolder" value="C:\\Users\\Koushik\\Katalon Studio\\LingoTurk AutomatedTesting\\Reports\\20200109_184415\\TS103_C3_C4\\20200109_184418"/>
         <property name="logFiles" value="C:\\Users\\Koushik\\Katalon Studio\\LingoTurk AutomatedTesting\\Reports\\20200109_184415\\TS103_C3_C4\\20200109_184418\\execution0.log"/>
         <property name="attachments" value=""/>
         <property name="hostName" value="Koushik - 10.20.148.196"/>
         <property name="os" value="Windows 10 64bit"/>
         <property name="katalonVersion" value="7.1.2.1"/>
         <property name="browser" value="Firefox 72.0"/>
         <property name="hostAddress" value="10.20.148.196"/>
         <property name="sessionId" value="1bbdf2a1-12f5-408f-9f40-8e63e6d5e6fc"/>
         <property name="seleniumVersion" value="3.141.59"/>
         <property name="proxyInformation" value="ProxyInformation{proxyOption=NO_PROXY, proxyServerType=HTTP, password=, proxyServerAddress=, proxyServerPort=0, executionList=}"/>
         <property name="platform" value="Windows 10"/>
      </properties>
      <testcase name="Test Cases/C3_Radio" time="341.613" classname="Test Cases/C3_Radio" status="PASSED">
         <system-out><![CDATA[2020-01-09 18:47:52 - [TEST_CASE][PASSED] - Test Cases/C3_Radio: Test Cases/C3_Radio

2020-01-09 18:47:53 - [TEST_STEP][PASSED] - openBrowser("http://localhost:9000/"): Browser is opened with url: 'http://localhost:9000/'

2020-01-09 18:47:53 - [MESSAGE][INFO] - Starting 'Firefox' driver

2020-01-09 18:47:53 - [MESSAGE][INFO] - Action delay is set to 0 seconds

2020-01-09 18:48:08 - [MESSAGE][PASSED] - Browser is opened with url: 'http://localhost:9000/'

2020-01-09 18:48:08 - [TEST_STEP][PASSED] - navigateToUrl("http://localhost:9000/login"): Navigate to 'http://localhost:9000/login' successfully

2020-01-09 18:48:08 - [MESSAGE][PASSED] - Navigate to 'http://localhost:9000/login' successfully

2020-01-09 18:48:08 - [TEST_STEP][PASSED] - setText(findTestObject("Object Repository/C3_Radio_OR/Page_Login/input_Username_username"), "admin"): Text 'admin' is set on object 'Object Repository/C3_Radio_OR/Page_Login/input_Username_username'

2020-01-09 18:48:09 - [MESSAGE][PASSED] - Text 'admin' is set on object 'Object Repository/C3_Radio_OR/Page_Login/input_Username_username'

2020-01-09 18:48:09 - [TEST_STEP][PASSED] - setEncryptedText(findTestObject("Object Repository/C3_Radio_OR/Page_Login/input_Password_password"), "BR2H/KIz0NBfgccJ+PbLCA=="): Text ****** has been set on object 'Object Repository/C3_Radio_OR/Page_Login/input_Password_password'

2020-01-09 18:48:09 - [MESSAGE][PASSED] - Text ****** has been set on object 'Object Repository/C3_Radio_OR/Page_Login/input_Password_password'

2020-01-09 18:48:09 - [TEST_STEP][PASSED] - click(findTestObject("Object Repository/C3_Radio_OR/Page_Login/span_Password_glyphicon glyphicon-log-in")): Object: 'Object Repository/C3_Radio_OR/Page_Login/span_Password_glyphicon glyphicon-log-in' is clicked on

2020-01-09 18:48:10 - [MESSAGE][PASSED] - Object: 'Object Repository/C3_Radio_OR/Page_Login/span_Password_glyphicon glyphicon-log-in' is clicked on

2020-01-09 18:48:10 - [TEST_STEP][PASSED] - click(findTestObject("Object Repository/C3_Radio_OR/Page_LINGOturk/div_Edit Experiment")): Object: 'Object Repository/C3_Radio_OR/Page_LINGOturk/div_Edit Experiment' is clicked on

2020-01-09 18:48:11 - [MESSAGE][PASSED] - Object: 'Object Repository/C3_Radio_OR/Page_LINGOturk/div_Edit Experiment' is clicked on

2020-01-09 18:48:11 - [TEST_STEP][PASSED] - click(findTestObject("Object Repository/C3_Radio_OR/Page_Edit Experiment/div_AnswerQuestions")): Object: 'Object Repository/C3_Radio_OR/Page_Edit Experiment/div_AnswerQuestions' is clicked on

2020-01-09 18:48:12 - [MESSAGE][PASSED] - Object: 'Object Repository/C3_Radio_OR/Page_Edit Experiment/div_AnswerQuestions' is clicked on

2020-01-09 18:48:12 - [TEST_STEP][PASSED] - click(findTestObject("Object Repository/C3_Radio_OR/Page_LINGOturk/a_Radio")): Object: 'Object Repository/C3_Radio_OR/Page_LINGOturk/a_Radio' is clicked on

2020-01-09 18:48:13 - [MESSAGE][PASSED] - Object: 'Object Repository/C3_Radio_OR/Page_LINGOturk/a_Radio' is clicked on

2020-01-09 18:48:13 - [TEST_STEP][PASSED] - selectOptionByValue(findTestObject("Object Repository/C3_Radio_OR/Page_LINGOturk/select_-- select csv field -- storyquestions"), "string:story", true): All options with value 'string:story' are selected in object 'Object Repository/C3_Radio_OR/Page_LINGOturk/select_-- select csv field -- storyquestions'  using regular expression

2020-01-09 18:48:14 - [MESSAGE][PASSED] - All options with value 'string:story' are selected in object 'Object Repository/C3_Radio_OR/Page_LINGOturk/select_-- select csv field -- storyquestions'  using regular expression

2020-01-09 18:48:14 - [TEST_STEP][PASSED] - selectOptionByValue(findTestObject("Object Repository/C3_Radio_OR/Page_LINGOturk/select_-- select csv field -- storyquestions"), "string:story", true): All options with value 'string:story' are selected in object 'Object Repository/C3_Radio_OR/Page_LINGOturk/select_-- select csv field -- storyquestions'  using regular expression

2020-01-09 18:48:15 - [MESSAGE][PASSED] - All options with value 'string:story' are selected in object 'Object Repository/C3_Radio_OR/Page_LINGOturk/select_-- select csv field -- storyquestions'  using regular expression

2020-01-09 18:48:15 - [TEST_STEP][PASSED] - click(findTestObject("Object Repository/C3_Radio_OR/Page_LINGOturk/button_Save")): Object: 'Object Repository/C3_Radio_OR/Page_LINGOturk/button_Save' is clicked on

2020-01-09 18:48:16 - [MESSAGE][PASSED] - Object: 'Object Repository/C3_Radio_OR/Page_LINGOturk/button_Save' is clicked on

2020-01-09 18:48:16 - [TEST_STEP][PASSED] - click(findTestObject("Object Repository/C3_Radio_OR/Page_LINGOturk/button_Edit")): Object: 'Object Repository/C3_Radio_OR/Page_LINGOturk/button_Edit' is clicked on

2020-01-09 18:49:00 - [MESSAGE][INFO] - Unable to find the element located by 'By.xpath: //div[@id='angularApp']/div[2]/div/div/div/div/div[2]/div/div/div[3]/button'. Please recheck the objects properties to make sure the desired element is located. 

2020-01-09 18:49:00 - [MESSAGE][INFO] - [SMART_XPATH] Auto-trying out other XPath values in the test object.

2020-01-09 18:49:00 - [MESSAGE][INFO] - [SMART_XPATH] FAILED XPATH: '//div[@id='angularApp']/div[2]/div/div/div/div/div[2]/div/div/div[3]/button'.

2020-01-09 18:49:00 - [MESSAGE][INFO] - [SMART_XPATH] FAILED XPATH: '(.//*[normalize-space(text()) and normalize-space(.)='radio'])[2]/following::button[1]'.

2020-01-09 18:49:01 - [MESSAGE][INFO] - [SMART_XPATH] WORKING XPATH: '(.//*[normalize-space(text()) and normalize-space(.)='Slide 1'])[1]/following::button[1]'.

2020-01-09 18:49:01 - [MESSAGE][INFO] - [SMART_XPATH] Screenshot: C:/Users/Koushik/Katalon Studio/LingoTurk AutomatedTesting/Reports/smart_xpath/Object Repository/C3_Radio_OR/Page_LINGOturk/button_Edit_neighbor_0.png

2020-01-09 18:49:01 - [MESSAGE][INFO] - [SMART_XPATH] FAILED XPATH: '(.//*[normalize-space(text()) and normalize-space(.)='Delete'])[1]/preceding::button[1]'.

2020-01-09 18:49:02 - [MESSAGE][INFO] - [SMART_XPATH] FAILED XPATH: '(.//*[normalize-space(text()) and normalize-space(.)='Add Slide'])[1]/preceding::button[2]'.

2020-01-09 18:49:02 - [MESSAGE][INFO] - [SMART_XPATH] WORKING XPATH: '//*/text()[normalize-space(.)='Edit']/parent::*'.

2020-01-09 18:49:02 - [MESSAGE][ERROR] - [SMART_XPATH] Cannot save screenshot to: C:/Users/Koushik/Katalon Studio/LingoTurk AutomatedTesting/Reports/smart_xpath, reason: negative or zero width

2020-01-09 18:49:03 - [MESSAGE][INFO] - [SMART_XPATH] WORKING XPATH: '//button'.

2020-01-09 18:49:03 - [MESSAGE][INFO] - [SMART_XPATH] Screenshot: C:/Users/Koushik/Katalon Studio/LingoTurk AutomatedTesting/Reports/smart_xpath/Object Repository/C3_Radio_OR/Page_LINGOturk/button_Edit_position.png

2020-01-09 18:49:03 - [MESSAGE][ERROR] - [SMART_XPATH] C:\Users\Koushik\Katalon Studio\LingoTurk AutomatedTesting\Reports\smart_xpath\waiting-for-approval.json (The system cannot find the file specified)

2020-01-09 18:49:03 - [MESSAGE][ERROR] - [SMART_XPATH] C:/Users/Koushik/Katalon Studio/LingoTurk AutomatedTesting/Reports/smart_xpath/waiting-for-approval.json does not exist or is provided by Smart XPath Plugin!

2020-01-09 18:49:03 - [MESSAGE][INFO] - [SMART_XPATH] Selected Smart XPath: '(.//*[normalize-space(text()) and normalize-space(.)='Slide 1'])[1]/following::button[1]'.

2020-01-09 18:49:03 - [MESSAGE][INFO] - [SMART_XPATH] Continuing executing the test case!

2020-01-09 18:49:04 - [MESSAGE][PASSED] - Object: 'Object Repository/C3_Radio_OR/Page_LINGOturk/button_Edit' is clicked on

2020-01-09 18:49:04 - [TEST_STEP][PASSED] - click(findTestObject("Object Repository/C3_Radio_OR/Page_LINGOturk/button_Add Option")): Object: 'Object Repository/C3_Radio_OR/Page_LINGOturk/button_Add Option' is clicked on

2020-01-09 18:49:04 - [MESSAGE][ERROR] - TypeError: rect is undefined
Build info: version: '3.141.59', revision: 'e82be7d358', time: '2018-11-14T08:25:53'
System info: host: 'DESKTOP-PDN4RJ0', ip: '10.20.148.196', os.name: 'Windows 10', os.arch: 'amd64', os.version: '10.0', java.version: '1.8.0_181'
Driver info: com.kms.katalon.core.webui.driver.firefox.CGeckoDriver
Capabilities {acceptInsecureCerts: true, browserName: firefox, browserVersion: 72.0.1, javascriptEnabled: true, moz:accessibilityChecks: false, moz:buildID: 20200107212822, moz:geckodriverVersion: 0.23.0, moz:headless: false, moz:processID: 19760, moz:profile: C:\Users\Koushik\AppData\Lo..., moz:shutdownTimeout: 60000, moz:useNonSpecCompliantPointerOrigin: false, moz:webdriverClick: true, pageLoadStrategy: normal, platform: WINDOWS, platformName: WINDOWS, platformVersion: 10.0, proxy: Proxy(direct), rotatable: false, setWindowRect: true, strictFileInteractability: false, timeouts: {implicit: 0, pageLoad: 300000, script: 30000}, unhandledPromptBehavior: dismiss and notify}
Session ID: 25299a06-671c-49f0-99a7-84be8da1fff2

2020-01-09 18:49:34 - [MESSAGE][ERROR] - TypeError: rect is undefined
Build info: version: '3.141.59', revision: 'e82be7d358', time: '2018-11-14T08:25:53'
System info: host: 'DESKTOP-PDN4RJ0', ip: '10.20.148.196', os.name: 'Windows 10', os.arch: 'amd64', os.version: '10.0', java.version: '1.8.0_181'
Driver info: com.kms.katalon.core.webui.driver.firefox.CGeckoDriver
Capabilities {acceptInsecureCerts: true, browserName: firefox, browserVersion: 72.0.1, javascriptEnabled: true, moz:accessibilityChecks: false, moz:buildID: 20200107212822, moz:geckodriverVersion: 0.23.0, moz:headless: false, moz:processID: 19760, moz:profile: C:\Users\Koushik\AppData\Lo..., moz:shutdownTimeout: 60000, moz:useNonSpecCompliantPointerOrigin: false, moz:webdriverClick: true, pageLoadStrategy: normal, platform: WINDOWS, platformName: WINDOWS, platformVersion: 10.0, proxy: Proxy(direct), rotatable: false, setWindowRect: true, strictFileInteractability: false, timeouts: {implicit: 0, pageLoad: 300000, script: 30000}, unhandledPromptBehavior: dismiss and notify}
Session ID: 25299a06-671c-49f0-99a7-84be8da1fff2

2020-01-09 18:49:34 - [MESSAGE][PASSED] - Object: 'Object Repository/C3_Radio_OR/Page_LINGOturk/button_Add Option' is clicked on

2020-01-09 18:49:34 - [TEST_STEP][PASSED] - selectOptionByValue(findTestObject("Object Repository/C3_Radio_OR/Page_LINGOturk/select_-- select csv field -- storyquestions"), "string:questions", true): All options with value 'string:questions' are selected in object 'Object Repository/C3_Radio_OR/Page_LINGOturk/select_-- select csv field -- storyquestions'  using regular expression

2020-01-09 18:49:36 - [MESSAGE][PASSED] - All options with value 'string:questions' are selected in object 'Object Repository/C3_Radio_OR/Page_LINGOturk/select_-- select csv field -- storyquestions'  using regular expression

2020-01-09 18:49:36 - [TEST_STEP][PASSED] - click(findTestObject("Object Repository/C3_Radio_OR/Page_LINGOturk/button_Add Condition")): Object: 'Object Repository/C3_Radio_OR/Page_LINGOturk/button_Add Condition' is clicked on

2020-01-09 18:49:36 - [MESSAGE][ERROR] - TypeError: rect is undefined
Build info: version: '3.141.59', revision: 'e82be7d358', time: '2018-11-14T08:25:53'
System info: host: 'DESKTOP-PDN4RJ0', ip: '10.20.148.196', os.name: 'Windows 10', os.arch: 'amd64', os.version: '10.0', java.version: '1.8.0_181'
Driver info: com.kms.katalon.core.webui.driver.firefox.CGeckoDriver
Capabilities {acceptInsecureCerts: true, browserName: firefox, browserVersion: 72.0.1, javascriptEnabled: true, moz:accessibilityChecks: false, moz:buildID: 20200107212822, moz:geckodriverVersion: 0.23.0, moz:headless: false, moz:processID: 19760, moz:profile: C:\Users\Koushik\AppData\Lo..., moz:shutdownTimeout: 60000, moz:useNonSpecCompliantPointerOrigin: false, moz:webdriverClick: true, pageLoadStrategy: normal, platform: WINDOWS, platformName: WINDOWS, platformVersion: 10.0, proxy: Proxy(direct), rotatable: false, setWindowRect: true, strictFileInteractability: false, timeouts: {implicit: 0, pageLoad: 300000, script: 30000}, unhandledPromptBehavior: dismiss and notify}
Session ID: 25299a06-671c-49f0-99a7-84be8da1fff2

2020-01-09 18:50:06 - [MESSAGE][ERROR] - TypeError: rect is undefined
Build info: version: '3.141.59', revision: 'e82be7d358', time: '2018-11-14T08:25:53'
System info: host: 'DESKTOP-PDN4RJ0', ip: '10.20.148.196', os.name: 'Windows 10', os.arch: 'amd64', os.version: '10.0', java.version: '1.8.0_181'
Driver info: com.kms.katalon.core.webui.driver.firefox.CGeckoDriver
Capabilities {acceptInsecureCerts: true, browserName: firefox, browserVersion: 72.0.1, javascriptEnabled: true, moz:accessibilityChecks: false, moz:buildID: 20200107212822, moz:geckodriverVersion: 0.23.0, moz:headless: false, moz:processID: 19760, moz:profile: C:\Users\Koushik\AppData\Lo..., moz:shutdownTimeout: 60000, moz:useNonSpecCompliantPointerOrigin: false, moz:webdriverClick: true, pageLoadStrategy: normal, platform: WINDOWS, platformName: WINDOWS, platformVersion: 10.0, proxy: Proxy(direct), rotatable: false, setWindowRect: true, strictFileInteractability: false, timeouts: {implicit: 0, pageLoad: 300000, script: 30000}, unhandledPromptBehavior: dismiss and notify}
Session ID: 25299a06-671c-49f0-99a7-84be8da1fff2

2020-01-09 18:50:06 - [MESSAGE][PASSED] - Object: 'Object Repository/C3_Radio_OR/Page_LINGOturk/button_Add Condition' is clicked on

2020-01-09 18:50:06 - [TEST_STEP][PASSED] - click(findTestObject("Object Repository/C3_Radio_OR/Page_LINGOturk/button_Save")): Object: 'Object Repository/C3_Radio_OR/Page_LINGOturk/button_Save' is clicked on

2020-01-09 18:50:07 - [MESSAGE][PASSED] - Object: 'Object Repository/C3_Radio_OR/Page_LINGOturk/button_Save' is clicked on

2020-01-09 18:50:07 - [TEST_STEP][PASSED] - click(findTestObject("Object Repository/C3_Radio_OR/Page_LINGOturk/button_Edit")): Object: 'Object Repository/C3_Radio_OR/Page_LINGOturk/button_Edit' is clicked on

2020-01-09 18:50:51 - [MESSAGE][INFO] - Unable to find the element located by 'By.xpath: //div[@id='angularApp']/div[2]/div/div/div/div/div[2]/div/div/div[3]/button'. Please recheck the objects properties to make sure the desired element is located. 

2020-01-09 18:50:51 - [MESSAGE][INFO] - [SMART_XPATH] Auto-trying out other XPath values in the test object.

2020-01-09 18:50:51 - [MESSAGE][INFO] - [SMART_XPATH] FAILED XPATH: '//div[@id='angularApp']/div[2]/div/div/div/div/div[2]/div/div/div[3]/button'.

2020-01-09 18:50:51 - [MESSAGE][INFO] - [SMART_XPATH] FAILED XPATH: '(.//*[normalize-space(text()) and normalize-space(.)='radio'])[2]/following::button[1]'.

2020-01-09 18:50:52 - [MESSAGE][INFO] - [SMART_XPATH] WORKING XPATH: '(.//*[normalize-space(text()) and normalize-space(.)='Slide 1'])[1]/following::button[1]'.

2020-01-09 18:50:52 - [MESSAGE][INFO] - [SMART_XPATH] Screenshot: C:/Users/Koushik/Katalon Studio/LingoTurk AutomatedTesting/Reports/smart_xpath/Object Repository/C3_Radio_OR/Page_LINGOturk/button_Edit_neighbor_1.png

2020-01-09 18:50:52 - [MESSAGE][INFO] - [SMART_XPATH] FAILED XPATH: '(.//*[normalize-space(text()) and normalize-space(.)='Delete'])[1]/preceding::button[1]'.

2020-01-09 18:50:52 - [MESSAGE][INFO] - [SMART_XPATH] FAILED XPATH: '(.//*[normalize-space(text()) and normalize-space(.)='Add Slide'])[1]/preceding::button[2]'.

2020-01-09 18:50:53 - [MESSAGE][INFO] - [SMART_XPATH] WORKING XPATH: '//*/text()[normalize-space(.)='Edit']/parent::*'.

2020-01-09 18:50:53 - [MESSAGE][ERROR] - [SMART_XPATH] Cannot save screenshot to: C:/Users/Koushik/Katalon Studio/LingoTurk AutomatedTesting/Reports/smart_xpath, reason: negative or zero width

2020-01-09 18:50:53 - [MESSAGE][INFO] - [SMART_XPATH] WORKING XPATH: '//button'.

2020-01-09 18:50:54 - [MESSAGE][INFO] - [SMART_XPATH] Screenshot: C:/Users/Koushik/Katalon Studio/LingoTurk AutomatedTesting/Reports/smart_xpath/Object Repository/C3_Radio_OR/Page_LINGOturk/button_Edit_position.png

2020-01-09 18:50:54 - [MESSAGE][ERROR] - [SMART_XPATH] C:\Users\Koushik\Katalon Studio\LingoTurk AutomatedTesting\Reports\smart_xpath\waiting-for-approval.json (The system cannot find the file specified)

2020-01-09 18:50:54 - [MESSAGE][ERROR] - [SMART_XPATH] C:/Users/Koushik/Katalon Studio/LingoTurk AutomatedTesting/Reports/smart_xpath/waiting-for-approval.json does not exist or is provided by Smart XPath Plugin!

2020-01-09 18:50:54 - [MESSAGE][INFO] - [SMART_XPATH] Selected Smart XPath: '(.//*[normalize-space(text()) and normalize-space(.)='Slide 1'])[1]/following::button[1]'.

2020-01-09 18:50:54 - [MESSAGE][INFO] - [SMART_XPATH] Continuing executing the test case!

2020-01-09 18:50:54 - [MESSAGE][PASSED] - Object: 'Object Repository/C3_Radio_OR/Page_LINGOturk/button_Edit' is clicked on

2020-01-09 18:50:54 - [TEST_STEP][PASSED] - click(findTestObject("Object Repository/C3_Radio_OR/Page_LINGOturk/button_-")): Object: 'Object Repository/C3_Radio_OR/Page_LINGOturk/button_-' is clicked on

2020-01-09 18:51:29 - [MESSAGE][INFO] - Unable to find the element located by 'By.xpath: //div[@id='editModal']/div/div/div[2]/form/div[2]/div[2]/div/div[3]/button'. Please recheck the objects properties to make sure the desired element is located. 

2020-01-09 18:51:29 - [MESSAGE][INFO] - [SMART_XPATH] Auto-trying out other XPath values in the test object.

2020-01-09 18:51:31 - [MESSAGE][INFO] - [SMART_XPATH] FAILED XPATH: '//div[@id='editModal']/div/div/div[2]/form/div[2]/div[2]/div/div[3]/button'.

2020-01-09 18:51:33 - [MESSAGE][INFO] - [SMART_XPATH] FAILED XPATH: '(.//*[normalize-space(text()) and normalize-space(.)='False'])[1]/following::button[1]'.

2020-01-09 18:51:35 - [MESSAGE][INFO] - [SMART_XPATH] FAILED XPATH: '(.//*[normalize-space(text()) and normalize-space(.)='True'])[1]/following::button[1]'.

2020-01-09 18:51:37 - [MESSAGE][INFO] - [SMART_XPATH] WORKING XPATH: '(.//*[normalize-space(text()) and normalize-space(.)='Add Condition'])[2]/preceding::button[1]'.

2020-01-09 18:51:37 - [MESSAGE][ERROR] - [SMART_XPATH] Cannot save screenshot to: C:/Users/Koushik/Katalon Studio/LingoTurk AutomatedTesting/Reports/smart_xpath, reason: negative or zero width

2020-01-09 18:51:39 - [MESSAGE][INFO] - [SMART_XPATH] WORKING XPATH: '(.//*[normalize-space(text()) and normalize-space(.)='Save'])[2]/preceding::button[2]'.

2020-01-09 18:51:40 - [MESSAGE][ERROR] - [SMART_XPATH] Cannot save screenshot to: C:/Users/Koushik/Katalon Studio/LingoTurk AutomatedTesting/Reports/smart_xpath, reason: negative or zero width

2020-01-09 18:51:42 - [MESSAGE][INFO] - [SMART_XPATH] WORKING XPATH: '//form/div[2]/div[2]/div/div[3]/button'.

2020-01-09 18:51:42 - [MESSAGE][INFO] - [SMART_XPATH] Screenshot: C:/Users/Koushik/Katalon Studio/LingoTurk AutomatedTesting/Reports/smart_xpath/Object Repository/C3_Radio_OR/Page_LINGOturk/button_-_position.png

2020-01-09 18:51:42 - [MESSAGE][ERROR] - [SMART_XPATH] C:\Users\Koushik\Katalon Studio\LingoTurk AutomatedTesting\Reports\smart_xpath\waiting-for-approval.json (The system cannot find the file specified)

2020-01-09 18:51:42 - [MESSAGE][ERROR] - [SMART_XPATH] C:/Users/Koushik/Katalon Studio/LingoTurk AutomatedTesting/Reports/smart_xpath/waiting-for-approval.json does not exist or is provided by Smart XPath Plugin!

2020-01-09 18:51:42 - [MESSAGE][INFO] - [SMART_XPATH] Selected Smart XPath: '(.//*[normalize-space(text()) and normalize-space(.)='Add Condition'])[2]/preceding::button[1]'.

2020-01-09 18:51:42 - [MESSAGE][INFO] - [SMART_XPATH] Continuing executing the test case!

2020-01-09 18:51:42 - [MESSAGE][ERROR] - TypeError: rect is undefined
Build info: version: '3.141.59', revision: 'e82be7d358', time: '2018-11-14T08:25:53'
System info: host: 'DESKTOP-PDN4RJ0', ip: '10.20.148.196', os.name: 'Windows 10', os.arch: 'amd64', os.version: '10.0', java.version: '1.8.0_181'
Driver info: com.kms.katalon.core.webui.driver.firefox.CGeckoDriver
Capabilities {acceptInsecureCerts: true, browserName: firefox, browserVersion: 72.0.1, javascriptEnabled: true, moz:accessibilityChecks: false, moz:buildID: 20200107212822, moz:geckodriverVersion: 0.23.0, moz:headless: false, moz:processID: 19760, moz:profile: C:\Users\Koushik\AppData\Lo..., moz:shutdownTimeout: 60000, moz:useNonSpecCompliantPointerOrigin: false, moz:webdriverClick: true, pageLoadStrategy: normal, platform: WINDOWS, platformName: WINDOWS, platformVersion: 10.0, proxy: Proxy(direct), rotatable: false, setWindowRect: true, strictFileInteractability: false, timeouts: {implicit: 0, pageLoad: 300000, script: 30000}, unhandledPromptBehavior: dismiss and notify}
Session ID: 25299a06-671c-49f0-99a7-84be8da1fff2

2020-01-09 18:52:13 - [MESSAGE][ERROR] - TypeError: rect is undefined
Build info: version: '3.141.59', revision: 'e82be7d358', time: '2018-11-14T08:25:53'
System info: host: 'DESKTOP-PDN4RJ0', ip: '10.20.148.196', os.name: 'Windows 10', os.arch: 'amd64', os.version: '10.0', java.version: '1.8.0_181'
Driver info: com.kms.katalon.core.webui.driver.firefox.CGeckoDriver
Capabilities {acceptInsecureCerts: true, browserName: firefox, browserVersion: 72.0.1, javascriptEnabled: true, moz:accessibilityChecks: false, moz:buildID: 20200107212822, moz:geckodriverVersion: 0.23.0, moz:headless: false, moz:processID: 19760, moz:profile: C:\Users\Koushik\AppData\Lo..., moz:shutdownTimeout: 60000, moz:useNonSpecCompliantPointerOrigin: false, moz:webdriverClick: true, pageLoadStrategy: normal, platform: WINDOWS, platformName: WINDOWS, platformVersion: 10.0, proxy: Proxy(direct), rotatable: false, setWindowRect: true, strictFileInteractability: false, timeouts: {implicit: 0, pageLoad: 300000, script: 30000}, unhandledPromptBehavior: dismiss and notify}
Session ID: 25299a06-671c-49f0-99a7-84be8da1fff2

2020-01-09 18:52:13 - [MESSAGE][PASSED] - Object: 'Object Repository/C3_Radio_OR/Page_LINGOturk/button_-' is clicked on

2020-01-09 18:52:13 - [TEST_STEP][PASSED] - click(findTestObject("Object Repository/C3_Radio_OR/Page_LINGOturk/button_-")): Object: 'Object Repository/C3_Radio_OR/Page_LINGOturk/button_-' is clicked on

2020-01-09 18:52:43 - [MESSAGE][INFO] - Unable to find the element located by 'By.xpath: //div[@id='editModal']/div/div/div[2]/form/div[2]/div[2]/div/div[3]/button'. Please recheck the objects properties to make sure the desired element is located. 

2020-01-09 18:52:43 - [MESSAGE][INFO] - [SMART_XPATH] Auto-trying out other XPath values in the test object.

2020-01-09 18:52:45 - [MESSAGE][INFO] - [SMART_XPATH] FAILED XPATH: '//div[@id='editModal']/div/div/div[2]/form/div[2]/div[2]/div/div[3]/button'.

2020-01-09 18:52:47 - [MESSAGE][INFO] - [SMART_XPATH] FAILED XPATH: '(.//*[normalize-space(text()) and normalize-space(.)='False'])[1]/following::button[1]'.

2020-01-09 18:52:49 - [MESSAGE][INFO] - [SMART_XPATH] FAILED XPATH: '(.//*[normalize-space(text()) and normalize-space(.)='True'])[1]/following::button[1]'.

2020-01-09 18:52:51 - [MESSAGE][INFO] - [SMART_XPATH] WORKING XPATH: '(.//*[normalize-space(text()) and normalize-space(.)='Add Condition'])[2]/preceding::button[1]'.

2020-01-09 18:52:52 - [MESSAGE][ERROR] - [SMART_XPATH] Cannot save screenshot to: C:/Users/Koushik/Katalon Studio/LingoTurk AutomatedTesting/Reports/smart_xpath, reason: negative or zero width

2020-01-09 18:52:54 - [MESSAGE][INFO] - [SMART_XPATH] WORKING XPATH: '(.//*[normalize-space(text()) and normalize-space(.)='Save'])[2]/preceding::button[2]'.

2020-01-09 18:52:54 - [MESSAGE][ERROR] - [SMART_XPATH] Cannot save screenshot to: C:/Users/Koushik/Katalon Studio/LingoTurk AutomatedTesting/Reports/smart_xpath, reason: negative or zero width

2020-01-09 18:52:56 - [MESSAGE][INFO] - [SMART_XPATH] WORKING XPATH: '//form/div[2]/div[2]/div/div[3]/button'.

2020-01-09 18:52:57 - [MESSAGE][INFO] - [SMART_XPATH] Screenshot: C:/Users/Koushik/Katalon Studio/LingoTurk AutomatedTesting/Reports/smart_xpath/Object Repository/C3_Radio_OR/Page_LINGOturk/button_-_position.png

2020-01-09 18:52:57 - [MESSAGE][ERROR] - [SMART_XPATH] C:\Users\Koushik\Katalon Studio\LingoTurk AutomatedTesting\Reports\smart_xpath\waiting-for-approval.json (The system cannot find the file specified)

2020-01-09 18:52:57 - [MESSAGE][ERROR] - [SMART_XPATH] C:/Users/Koushik/Katalon Studio/LingoTurk AutomatedTesting/Reports/smart_xpath/waiting-for-approval.json does not exist or is provided by Smart XPath Plugin!

2020-01-09 18:52:57 - [MESSAGE][INFO] - [SMART_XPATH] Selected Smart XPath: '(.//*[normalize-space(text()) and normalize-space(.)='Add Condition'])[2]/preceding::button[1]'.

2020-01-09 18:52:57 - [MESSAGE][INFO] - [SMART_XPATH] Continuing executing the test case!

2020-01-09 18:52:57 - [MESSAGE][ERROR] - TypeError: rect is undefined
Build info: version: '3.141.59', revision: 'e82be7d358', time: '2018-11-14T08:25:53'
System info: host: 'DESKTOP-PDN4RJ0', ip: '10.20.148.196', os.name: 'Windows 10', os.arch: 'amd64', os.version: '10.0', java.version: '1.8.0_181'
Driver info: com.kms.katalon.core.webui.driver.firefox.CGeckoDriver
Capabilities {acceptInsecureCerts: true, browserName: firefox, browserVersion: 72.0.1, javascriptEnabled: true, moz:accessibilityChecks: false, moz:buildID: 20200107212822, moz:geckodriverVersion: 0.23.0, moz:headless: false, moz:processID: 19760, moz:profile: C:\Users\Koushik\AppData\Lo..., moz:shutdownTimeout: 60000, moz:useNonSpecCompliantPointerOrigin: false, moz:webdriverClick: true, pageLoadStrategy: normal, platform: WINDOWS, platformName: WINDOWS, platformVersion: 10.0, proxy: Proxy(direct), rotatable: false, setWindowRect: true, strictFileInteractability: false, timeouts: {implicit: 0, pageLoad: 300000, script: 30000}, unhandledPromptBehavior: dismiss and notify}
Session ID: 25299a06-671c-49f0-99a7-84be8da1fff2

2020-01-09 18:53:27 - [MESSAGE][ERROR] - TypeError: rect is undefined
Build info: version: '3.141.59', revision: 'e82be7d358', time: '2018-11-14T08:25:53'
System info: host: 'DESKTOP-PDN4RJ0', ip: '10.20.148.196', os.name: 'Windows 10', os.arch: 'amd64', os.version: '10.0', java.version: '1.8.0_181'
Driver info: com.kms.katalon.core.webui.driver.firefox.CGeckoDriver
Capabilities {acceptInsecureCerts: true, browserName: firefox, browserVersion: 72.0.1, javascriptEnabled: true, moz:accessibilityChecks: false, moz:buildID: 20200107212822, moz:geckodriverVersion: 0.23.0, moz:headless: false, moz:processID: 19760, moz:profile: C:\Users\Koushik\AppData\Lo..., moz:shutdownTimeout: 60000, moz:useNonSpecCompliantPointerOrigin: false, moz:webdriverClick: true, pageLoadStrategy: normal, platform: WINDOWS, platformName: WINDOWS, platformVersion: 10.0, proxy: Proxy(direct), rotatable: false, setWindowRect: true, strictFileInteractability: false, timeouts: {implicit: 0, pageLoad: 300000, script: 30000}, unhandledPromptBehavior: dismiss and notify}
Session ID: 25299a06-671c-49f0-99a7-84be8da1fff2

2020-01-09 18:53:27 - [MESSAGE][PASSED] - Object: 'Object Repository/C3_Radio_OR/Page_LINGOturk/button_-' is clicked on

2020-01-09 18:53:27 - [TEST_STEP][PASSED] - click(findTestObject("Object Repository/C3_Radio_OR/Page_LINGOturk/button_Save")): Object: 'Object Repository/C3_Radio_OR/Page_LINGOturk/button_Save' is clicked on

2020-01-09 18:53:30 - [MESSAGE][PASSED] - Object: 'Object Repository/C3_Radio_OR/Page_LINGOturk/button_Save' is clicked on

2020-01-09 18:53:30 - [TEST_STEP][PASSED] - click(findTestObject("Object Repository/C3_Radio_OR/Page_LINGOturk/span_Done Editing")): Object: 'Object Repository/C3_Radio_OR/Page_LINGOturk/span_Done Editing' is clicked on

2020-01-09 18:53:32 - [MESSAGE][PASSED] - Object: 'Object Repository/C3_Radio_OR/Page_LINGOturk/span_Done Editing' is clicked on

2020-01-09 18:53:32 - [TEST_STEP][PASSED] - closeBrowser(): Browser is closed

2020-01-09 18:53:34 - [MESSAGE][PASSED] - Browser is closed]]></system-out>
         <system-err><![CDATA[]]></system-err>
      </testcase>
      <testcase name="Test Cases/C4_CheckBoxAnswer" time="105.301" classname="Test Cases/C4_CheckBoxAnswer" status="PASSED">
         <system-out><![CDATA[2020-01-09 18:53:34 - [TEST_CASE][PASSED] - Test Cases/C4_CheckBoxAnswer: Test Cases/C4_CheckBoxAnswer

2020-01-09 18:53:34 - [TEST_STEP][PASSED] - openBrowser("http://localhost:9000/"): Browser is opened with url: 'http://localhost:9000/'

2020-01-09 18:53:34 - [MESSAGE][INFO] - Starting 'Firefox' driver

2020-01-09 18:53:46 - [MESSAGE][PASSED] - Browser is opened with url: 'http://localhost:9000/'

2020-01-09 18:53:46 - [TEST_STEP][PASSED] - setText(findTestObject("Object Repository/C4_CheckBox_OR/Page_Login/input_Username_username"), "admin"): Text 'admin' is set on object 'Object Repository/C4_CheckBox_OR/Page_Login/input_Username_username'

2020-01-09 18:53:47 - [MESSAGE][PASSED] - Text 'admin' is set on object 'Object Repository/C4_CheckBox_OR/Page_Login/input_Username_username'

2020-01-09 18:53:47 - [TEST_STEP][PASSED] - setEncryptedText(findTestObject("Object Repository/C4_CheckBox_OR/Page_Login/input_Password_password"), "BR2H/KIz0NBfgccJ+PbLCA=="): Text ****** has been set on object 'Object Repository/C4_CheckBox_OR/Page_Login/input_Password_password'

2020-01-09 18:53:47 - [MESSAGE][PASSED] - Text ****** has been set on object 'Object Repository/C4_CheckBox_OR/Page_Login/input_Password_password'

2020-01-09 18:53:47 - [TEST_STEP][PASSED] - click(findTestObject("Object Repository/C4_CheckBox_OR/Page_Login/span_Password_glyphicon glyphicon-log-in")): Object: 'Object Repository/C4_CheckBox_OR/Page_Login/span_Password_glyphicon glyphicon-log-in' is clicked on

2020-01-09 18:53:48 - [MESSAGE][PASSED] - Object: 'Object Repository/C4_CheckBox_OR/Page_Login/span_Password_glyphicon glyphicon-log-in' is clicked on

2020-01-09 18:53:48 - [TEST_STEP][PASSED] - navigateToUrl("http://localhost:9000/"): Navigate to 'http://localhost:9000/' successfully

2020-01-09 18:53:48 - [MESSAGE][PASSED] - Navigate to 'http://localhost:9000/' successfully

2020-01-09 18:53:48 - [TEST_STEP][PASSED] - click(findTestObject("Object Repository/C4_CheckBox_OR/Page_LINGOturk/div_Edit Experiment")): Object: 'Object Repository/C4_CheckBox_OR/Page_LINGOturk/div_Edit Experiment' is clicked on

2020-01-09 18:53:50 - [MESSAGE][PASSED] - Object: 'Object Repository/C4_CheckBox_OR/Page_LINGOturk/div_Edit Experiment' is clicked on

2020-01-09 18:53:50 - [TEST_STEP][PASSED] - click(findTestObject("Object Repository/C4_CheckBox_OR/Page_Edit Experiment/div_TestSample")): Object: 'Object Repository/C4_CheckBox_OR/Page_Edit Experiment/div_TestSample' is clicked on

2020-01-09 18:53:50 - [MESSAGE][PASSED] - Object: 'Object Repository/C4_CheckBox_OR/Page_Edit Experiment/div_TestSample' is clicked on

2020-01-09 18:53:50 - [TEST_STEP][PASSED] - click(findTestObject("Object Repository/C4_CheckBox_OR/Page_LINGOturk/span_Checkbox Answer")): Object: 'Object Repository/C4_CheckBox_OR/Page_LINGOturk/span_Checkbox Answer' is clicked on

2020-01-09 18:53:51 - [MESSAGE][PASSED] - Object: 'Object Repository/C4_CheckBox_OR/Page_LINGOturk/span_Checkbox Answer' is clicked on

[...]

2020-01-09 19:00:34 - [MESSAGE][PASSED] - Text '2,2' is set on object 'Object Repository/C7_Drag_n_Drop/Page_LINGOturk/input_Splitter_splitter'

2020-01-09 19:00:34 - [TEST_STEP][PASSED] - click(findTestObject("Object Repository/C7_Drag_n_Drop/Page_LINGOturk/button_Add Option")): Object: 'Object Repository/C7_Drag_n_Drop/Page_LINGOturk/button_Add Option' is clicked on

2020-01-09 19:00:35 - [MESSAGE][PASSED] - Object: 'Object Repository/C7_Drag_n_Drop/Page_LINGOturk/button_Add Option' is clicked on

2020-01-09 19:00:35 - [TEST_STEP][PASSED] - selectOptionByValue(findTestObject("Object Repository/C7_Drag_n_Drop/Page_LINGOturk/select_-- select option name -- connectives_c2d916"), "string:displayStyle", true): All options with value 'string:displayStyle' are selected in object 'Object Repository/C7_Drag_n_Drop/Page_LINGOturk/select_-- select option name -- connectives_c2d916'  using regular expression

2020-01-09 19:00:36 - [MESSAGE][PASSED] - All options with value 'string:displayStyle' are selected in object 'Object Repository/C7_Drag_n_Drop/Page_LINGOturk/select_-- select option name -- connectives_c2d916'  using regular expression

2020-01-09 19:00:36 - [TEST_STEP][PASSED] - selectOptionByValue(findTestObject("Object Repository/C7_Drag_n_Drop/Page_LINGOturk/select_-- select csv field -- t1t2t3_1_2_3_4_5"), "string:t2", true): All options with value 'string:t2' are selected in object 'Object Repository/C7_Drag_n_Drop/Page_LINGOturk/select_-- select csv field -- t1t2t3_1_2_3_4_5'  using regular expression

2020-01-09 19:00:37 - [MESSAGE][PASSED] - All options with value 'string:t2' are selected in object 'Object Repository/C7_Drag_n_Drop/Page_LINGOturk/select_-- select csv field -- t1t2t3_1_2_3_4_5'  using regular expression

2020-01-09 19:00:37 - [TEST_STEP][PASSED] - click(findTestObject("Object Repository/C7_Drag_n_Drop/Page_LINGOturk/button_Save")): Object: 'Object Repository/C7_Drag_n_Drop/Page_LINGOturk/button_Save' is clicked on

2020-01-09 19:00:38 - [MESSAGE][PASSED] - Object: 'Object Repository/C7_Drag_n_Drop/Page_LINGOturk/button_Save' is clicked on

2020-01-09 19:00:38 - [TEST_STEP][PASSED] - click(findTestObject("Object Repository/C7_Drag_n_Drop/Page_LINGOturk/button_Edit")): Object: 'Object Repository/C7_Drag_n_Drop/Page_LINGOturk/button_Edit' is clicked on

2020-01-09 19:00:39 - [MESSAGE][PASSED] - Object: 'Object Repository/C7_Drag_n_Drop/Page_LINGOturk/button_Edit' is clicked on

2020-01-09 19:00:39 - [TEST_STEP][PASSED] - click(findTestObject("Object Repository/C7_Drag_n_Drop/Page_LINGOturk/button_-")): Object: 'Object Repository/C7_Drag_n_Drop/Page_LINGOturk/button_-' is clicked on

2020-01-09 19:00:39 - [MESSAGE][PASSED] - Object: 'Object Repository/C7_Drag_n_Drop/Page_LINGOturk/button_-' is clicked on

2020-01-09 19:00:39 - [TEST_STEP][PASSED] - click(findTestObject("Object Repository/C7_Drag_n_Drop/Page_LINGOturk/button_Save")): Object: 'Object Repository/C7_Drag_n_Drop/Page_LINGOturk/button_Save' is clicked on

2020-01-09 19:00:40 - [MESSAGE][ERROR] - TypeError: rect is undefined
Build info: version: '3.141.59', revision: 'e82be7d358', time: '2018-11-14T08:25:53'
System info: host: 'DESKTOP-PDN4RJ0', ip: '10.20.148.196', os.name: 'Windows 10', os.arch: 'amd64', os.version: '10.0', java.version: '1.8.0_181'
Driver info: com.kms.katalon.core.webui.driver.firefox.CGeckoDriver
Capabilities {acceptInsecureCerts: true, browserName: firefox, browserVersion: 72.0.1, javascriptEnabled: true, moz:accessibilityChecks: false, moz:buildID: 20200107212822, moz:geckodriverVersion: 0.23.0, moz:headless: false, moz:processID: 23352, moz:profile: C:\Users\Koushik\AppData\Lo..., moz:shutdownTimeout: 60000, moz:useNonSpecCompliantPointerOrigin: false, moz:webdriverClick: true, pageLoadStrategy: normal, platform: WINDOWS, platformName: WINDOWS, platformVersion: 10.0, proxy: Proxy(direct), rotatable: false, setWindowRect: true, strictFileInteractability: false, timeouts: {implicit: 0, pageLoad: 300000, script: 30000}, unhandledPromptBehavior: dismiss and notify}
Session ID: 99a00f2b-1ab9-4f4a-b4bd-e6cd2491b7a6

2020-01-09 19:01:10 - [MESSAGE][ERROR] - TypeError: rect is undefined
Build info: version: '3.141.59', revision: 'e82be7d358', time: '2018-11-14T08:25:53'
System info: host: 'DESKTOP-PDN4RJ0', ip: '10.20.148.196', os.name: 'Windows 10', os.arch: 'amd64', os.version: '10.0', java.version: '1.8.0_181'
Driver info: com.kms.katalon.core.webui.driver.firefox.CGeckoDriver
Capabilities {acceptInsecureCerts: true, browserName: firefox, browserVersion: 72.0.1, javascriptEnabled: true, moz:accessibilityChecks: false, moz:buildID: 20200107212822, moz:geckodriverVersion: 0.23.0, moz:headless: false, moz:processID: 23352, moz:profile: C:\Users\Koushik\AppData\Lo..., moz:shutdownTimeout: 60000, moz:useNonSpecCompliantPointerOrigin: false, moz:webdriverClick: true, pageLoadStrategy: normal, platform: WINDOWS, platformName: WINDOWS, platformVersion: 10.0, proxy: Proxy(direct), rotatable: false, setWindowRect: true, strictFileInteractability: false, timeouts: {implicit: 0, pageLoad: 300000, script: 30000}, unhandledPromptBehavior: dismiss and notify}
Session ID: 99a00f2b-1ab9-4f4a-b4bd-e6cd2491b7a6

2020-01-09 19:01:10 - [MESSAGE][PASSED] - Object: 'Object Repository/C7_Drag_n_Drop/Page_LINGOturk/button_Save' is clicked on

2020-01-09 19:01:10 - [TEST_STEP][PASSED] - closeBrowser(): Browser is closed

2020-01-09 19:01:11 - [MESSAGE][PASSED] - Browser is closed]]></system-out>
         <system-err><![CDATA[]]></system-err>
      </testcase>
      <testcase name="Test Cases/C8_File_Input" time="121.097" classname="Test Cases/C8_File_Input" status="PASSED">
         <system-out><![CDATA[2020-01-09 19:01:11 - [TEST_CASE][PASSED] - Test Cases/C8_File_Input: Test Cases/C8_File_Input

2020-01-09 19:01:11 - [TEST_STEP][PASSED] - openBrowser("http://localhost:9000/"): Browser is opened with url: 'http://localhost:9000/'

2020-01-09 19:01:11 - [MESSAGE][INFO] - Starting 'Firefox' driver

2020-01-09 19:01:19 - [MESSAGE][PASSED] - Browser is opened with url: 'http://localhost:9000/'

2020-01-09 19:01:19 - [TEST_STEP][PASSED] - setText(findTestObject("Object Repository/C8_File_Input_OR/Page_Login/input_Username_username"), "admin"): Text 'admin' is set on object 'Object Repository/C8_File_Input_OR/Page_Login/input_Username_username'

2020-01-09 19:01:19 - [MESSAGE][PASSED] - Text 'admin' is set on object 'Object Repository/C8_File_Input_OR/Page_Login/input_Username_username'

2020-01-09 19:01:19 - [TEST_STEP][PASSED] - setEncryptedText(findTestObject("Object Repository/C8_File_Input_OR/Page_Login/input_Password_password"), "BR2H/KIz0NBfgccJ+PbLCA=="): Text ****** has been set on object 'Object Repository/C8_File_Input_OR/Page_Login/input_Password_password'

2020-01-09 19:01:19 - [MESSAGE][PASSED] - Text ****** has been set on object 'Object Repository/C8_File_Input_OR/Page_Login/input_Password_password'

2020-01-09 19:01:19 - [TEST_STEP][PASSED] - click(findTestObject("Object Repository/C8_File_Input_OR/Page_Login/span_Password_glyphicon glyphicon-log-in")): Object: 'Object Repository/C8_File_Input_OR/Page_Login/span_Password_glyphicon glyphicon-log-in' is clicked on

2020-01-09 19:01:20 - [MESSAGE][PASSED] - Object: 'Object Repository/C8_File_Input_OR/Page_Login/span_Password_glyphicon glyphicon-log-in' is clicked on

2020-01-09 19:01:20 - [TEST_STEP][PASSED] - navigateToUrl("http://localhost:9000/"): Navigate to 'http://localhost:9000/' successfully

2020-01-09 19:01:21 - [MESSAGE][PASSED] - Navigate to 'http://localhost:9000/' successfully

2020-01-09 19:01:21 - [TEST_STEP][PASSED] - click(findTestObject("Object Repository/C8_File_Input_OR/Page_LINGOturk/div_Edit Experiment")): Object: 'Object Repository/C8_File_Input_OR/Page_LINGOturk/div_Edit Experiment' is clicked on

2020-01-09 19:01:23 - [MESSAGE][PASSED] - Object: 'Object Repository/C8_File_Input_OR/Page_LINGOturk/div_Edit Experiment' is clicked on

2020-01-09 19:01:23 - [TEST_STEP][PASSED] - click(findTestObject("Object Repository/C8_File_Input_OR/Page_Edit Experiment/div_SampleTest101")): Object: 'Object Repository/C8_File_Input_OR/Page_Edit Experiment/div_SampleTest101' is clicked on

2020-01-09 19:01:26 - [MESSAGE][PASSED] - Object: 'Object Repository/C8_File_Input_OR/Page_Edit Experiment/div_SampleTest101' is clicked on

2020-01-09 19:01:26 - [TEST_STEP][PASSED] - click(findTestObject("Object Repository/C8_File_Input_OR/Page_LINGOturk/span_File Input")): Object: 'Object Repository/C8_File_Input_OR/Page_LINGOturk/span_File Input' is clicked on

2020-01-09 19:01:28 - [MESSAGE][PASSED] - Object: 'Object Repository/C8_File_Input_OR/Page_LINGOturk/span_File Input' is clicked on

2020-01-09 19:01:28 - [TEST_STEP][PASSED] - setText(findTestObject("Object Repository/C8_File_Input_OR/Page_LINGOturk/input_fileInput _componentName"), "file input 1"): Text 'file input 1' is set on object 'Object Repository/C8_File_Input_OR/Page_LINGOturk/input_fileInput _componentName'

2020-01-09 19:01:31 - [MESSAGE][PASSED] - Text 'file input 1' is set on object 'Object Repository/C8_File_Input_OR/Page_LINGOturk/input_fileInput _componentName'

2020-01-09 19:01:31 - [TEST_STEP][PASSED] - click(findTestObject("Object Repository/C8_File_Input_OR/Page_LINGOturk/button_Add Option")): Object: 'Object Repository/C8_File_Input_OR/Page_LINGOturk/button_Add Option' is clicked on

2020-01-09 19:01:34 - [MESSAGE][PASSED] - Object: 'Object Repository/C8_File_Input_OR/Page_LINGOturk/button_Add Option' is clicked on

2020-01-09 19:01:34 - [TEST_STEP][PASSED] - selectOptionByValue(findTestObject("Object Repository/C8_File_Input_OR/Page_LINGOturk/select_-- select option name -- restrictAns_55f4fb"), "string:restrictAnswer", true): All options with value 'string:restrictAnswer' are selected in object 'Object Repository/C8_File_Input_OR/Page_LINGOturk/select_-- select option name -- restrictAns_55f4fb'  using regular expression

2020-01-09 19:01:39 - [MESSAGE][PASSED] - All options with value 'string:restrictAnswer' are selected in object 'Object Repository/C8_File_Input_OR/Page_LINGOturk/select_-- select option name -- restrictAns_55f4fb'  using regular expression

2020-01-09 19:01:39 - [TEST_STEP][PASSED] - selectOptionByValue(findTestObject("Object Repository/C8_File_Input_OR/Page_LINGOturk/select_-- select csv field -- t1t2t3"), "string:t2", true): All options with value 'string:t2' are selected in object 'Object Repository/C8_File_Input_OR/Page_LINGOturk/select_-- select csv field -- t1t2t3'  using regular expression

2020-01-09 19:01:46 - [MESSAGE][PASSED] - All options with value 'string:t2' are selected in object 'Object Repository/C8_File_Input_OR/Page_LINGOturk/select_-- select csv field -- t1t2t3'  using regular expression

2020-01-09 19:01:46 - [TEST_STEP][PASSED] - click(findTestObject("Object Repository/C8_File_Input_OR/Page_LINGOturk/button_Add Option")): Object: 'Object Repository/C8_File_Input_OR/Page_LINGOturk/button_Add Option' is clicked on

2020-01-09 19:01:48 - [MESSAGE][PASSED] - Object: 'Object Repository/C8_File_Input_OR/Page_LINGOturk/button_Add Option' is clicked on

2020-01-09 19:01:48 - [TEST_STEP][PASSED] - selectOptionByValue(findTestObject("Object Repository/C8_File_Input_OR/Page_LINGOturk/select_-- select option name -- restrictAns_55f4fb"), "string:restrictAnswer", true): All options with value 'string:restrictAnswer' are selected in object 'Object Repository/C8_File_Input_OR/Page_LINGOturk/select_-- select option name -- restrictAns_55f4fb'  using regular expression

2020-01-09 19:01:54 - [MESSAGE][PASSED] - All options with value 'string:restrictAnswer' are selected in object 'Object Repository/C8_File_Input_OR/Page_LINGOturk/select_-- select option name -- restrictAns_55f4fb'  using regular expression

2020-01-09 19:01:54 - [TEST_STEP][PASSED] - selectOptionByValue(findTestObject("Object Repository/C8_File_Input_OR/Page_LINGOturk/select_-- select csv field -- t1t2t3"), "string:t1", true): All options with value 'string:t1' are selected in object 'Object Repository/C8_File_Input_OR/Page_LINGOturk/select_-- select csv field -- t1t2t3'  using regular expression

2020-01-09 19:02:00 - [MESSAGE][PASSED] - All options with value 'string:t1' are selected in object 'Object Repository/C8_File_Input_OR/Page_LINGOturk/select_-- select csv field -- t1t2t3'  using regular expression

2020-01-09 19:02:00 - [TEST_STEP][PASSED] - click(findTestObject("Object Repository/C8_File_Input_OR/Page_LINGOturk/button_Add Option")): Object: 'Object Repository/C8_File_Input_OR/Page_LINGOturk/button_Add Option' is clicked on

2020-01-09 19:02:02 - [MESSAGE][PASSED] - Object: 'Object Repository/C8_File_Input_OR/Page_LINGOturk/button_Add Option' is clicked on

2020-01-09 19:02:02 - [TEST_STEP][PASSED] - selectOptionByValue(findTestObject("Object Repository/C8_File_Input_OR/Page_LINGOturk/select_-- select option name -- restrictAns_55f4fb"), "string:addNone", true): All options with value 'string:addNone' are selected in object 'Object Repository/C8_File_Input_OR/Page_LINGOturk/select_-- select option name -- restrictAns_55f4fb'  using regular expression

2020-01-09 19:02:08 - [MESSAGE][PASSED] - All options with value 'string:addNone' are selected in object 'Object Repository/C8_File_Input_OR/Page_LINGOturk/select_-- select option name -- restrictAns_55f4fb'  using regular expression

2020-01-09 19:02:08 - [TEST_STEP][PASSED] - selectOptionByValue(findTestObject("Object Repository/C8_File_Input_OR/Page_LINGOturk/select_-- select csv field -- t1t2t3"), "string:t2", true): All options with value 'string:t2' are selected in object 'Object Repository/C8_File_Input_OR/Page_LINGOturk/select_-- select csv field -- t1t2t3'  using regular expression

2020-01-09 19:02:14 - [MESSAGE][PASSED] - All options with value 'string:t2' are selected in object 'Object Repository/C8_File_Input_OR/Page_LINGOturk/select_-- select csv field -- t1t2t3'  using regular expression

2020-01-09 19:02:14 - [TEST_STEP][PASSED] - click(findTestObject("Object Repository/C8_File_Input_OR/Page_LINGOturk/button_Add Option")): Object: 'Object Repository/C8_File_Input_OR/Page_LINGOturk/button_Add Option' is clicked on

2020-01-09 19:02:17 - [MESSAGE][PASSED] - Object: 'Object Repository/C8_File_Input_OR/Page_LINGOturk/button_Add Option' is clicked on

2020-01-09 19:02:17 - [TEST_STEP][PASSED] - selectOptionByValue(findTestObject("Object Repository/C8_File_Input_OR/Page_LINGOturk/select_-- select option name -- restrictAns_55f4fb"), "string:useScale", true): All options with value 'string:useScale' are selected in object 'Object Repository/C8_File_Input_OR/Page_LINGOturk/select_-- select option name -- restrictAns_55f4fb'  using regular expression

2020-01-09 19:02:23 - [MESSAGE][PASSED] - All options with value 'string:useScale' are selected in object 'Object Repository/C8_File_Input_OR/Page_LINGOturk/select_-- select option name -- restrictAns_55f4fb'  using regular expression

2020-01-09 19:02:23 - [TEST_STEP][PASSED] - selectOptionByValue(findTestObject("Object Repository/C8_File_Input_OR/Page_LINGOturk/select_-- select csv field -- t1t2t3"), "string:t1", true): All options with value 'string:t1' are selected in object 'Object Repository/C8_File_Input_OR/Page_LINGOturk/select_-- select csv field -- t1t2t3'  using regular expression

2020-01-09 19:02:29 - [MESSAGE][PASSED] - All options with value 'string:t1' are selected in object 'Object Repository/C8_File_Input_OR/Page_LINGOturk/select_-- select csv field -- t1t2t3'  using regular expression

2020-01-09 19:02:29 - [TEST_STEP][PASSED] - click(findTestObject("Object Repository/C8_File_Input_OR/Page_LINGOturk/button_Save")): Object: 'Object Repository/C8_File_Input_OR/Page_LINGOturk/button_Save' is clicked on

2020-01-09 19:02:31 - [MESSAGE][PASSED] - Object: 'Object Repository/C8_File_Input_OR/Page_LINGOturk/button_Save' is clicked on

2020-01-09 19:02:31 - [TEST_STEP][PASSED] - click(findTestObject("Object Repository/C8_File_Input_OR/Page_LINGOturk/button_Edit")): Object: 'Object Repository/C8_File_Input_OR/Page_LINGOturk/button_Edit' is clicked on

2020-01-09 19:02:33 - [MESSAGE][PASSED] - Object: 'Object Repository/C8_File_Input_OR/Page_LINGOturk/button_Edit' is clicked on

2020-01-09 19:02:33 - [TEST_STEP][PASSED] - click(findTestObject("Object Repository/C8_File_Input_OR/Page_LINGOturk/button_-")): Object: 'Object Repository/C8_File_Input_OR/Page_LINGOturk/button_-' is clicked on

2020-01-09 19:02:36 - [MESSAGE][PASSED] - Object: 'Object Repository/C8_File_Input_OR/Page_LINGOturk/button_-' is clicked on

2020-01-09 19:02:36 - [TEST_STEP][PASSED] - click(findTestObject("Object Repository/C8_File_Input_OR/Page_LINGOturk/button_Save")): Object: 'Object Repository/C8_File_Input_OR/Page_LINGOturk/button_Save' is clicked on

2020-01-09 19:02:38 - [MESSAGE][ERROR] - TypeError: rect is undefined
Build info: version: '3.141.59', revision: 'e82be7d358', time: '2018-11-14T08:25:53'
System info: host: 'DESKTOP-PDN4RJ0', ip: '10.20.148.196', os.name: 'Windows 10', os.arch: 'amd64', os.version: '10.0', java.version: '1.8.0_181'
Driver info: com.kms.katalon.core.webui.driver.firefox.CGeckoDriver
Capabilities {acceptInsecureCerts: true, browserName: firefox, browserVersion: 72.0.1, javascriptEnabled: true, moz:accessibilityChecks: false, moz:buildID: 20200107212822, moz:geckodriverVersion: 0.23.0, moz:headless: false, moz:processID: 23004, moz:profile: C:\Users\Koushik\AppData\Lo..., moz:shutdownTimeout: 60000, moz:useNonSpecCompliantPointerOrigin: false, moz:webdriverClick: true, pageLoadStrategy: normal, platform: WINDOWS, platformName: WINDOWS, platformVersion: 10.0, proxy: Proxy(direct), rotatable: false, setWindowRect: true, strictFileInteractability: false, timeouts: {implicit: 0, pageLoad: 300000, script: 30000}, unhandledPromptBehavior: dismiss and notify}
Session ID: d8fcc60f-6316-43dc-a0c5-b189b9f33f03

2020-01-09 19:03:08 - [MESSAGE][ERROR] - TypeError: rect is undefined
Build info: version: '3.141.59', revision: 'e82be7d358', time: '2018-11-14T08:25:53'
System info: host: 'DESKTOP-PDN4RJ0', ip: '10.20.148.196', os.name: 'Windows 10', os.arch: 'amd64', os.version: '10.0', java.version: '1.8.0_181'
Driver info: com.kms.katalon.core.webui.driver.firefox.CGeckoDriver
Capabilities {acceptInsecureCerts: true, browserName: firefox, browserVersion: 72.0.1, javascriptEnabled: true, moz:accessibilityChecks: false, moz:buildID: 20200107212822, moz:geckodriverVersion: 0.23.0, moz:headless: false, moz:processID: 23004, moz:profile: C:\Users\Koushik\AppData\Lo..., moz:shutdownTimeout: 60000, moz:useNonSpecCompliantPointerOrigin: false, moz:webdriverClick: true, pageLoadStrategy: normal, platform: WINDOWS, platformName: WINDOWS, platformVersion: 10.0, proxy: Proxy(direct), rotatable: false, setWindowRect: true, strictFileInteractability: false, timeouts: {implicit: 0, pageLoad: 300000, script: 30000}, unhandledPromptBehavior: dismiss and notify}
Session ID: d8fcc60f-6316-43dc-a0c5-b189b9f33f03

2020-01-09 19:03:08 - [MESSAGE][PASSED] - Object: 'Object Repository/C8_File_Input_OR/Page_LINGOturk/button_Save' is clicked on

2020-01-09 19:03:08 - [TEST_STEP][PASSED] - click(findTestObject("Object Repository/C8_File_Input_OR/Page_LINGOturk/span_Done Editing")): Object: 'Object Repository/C8_File_Input_OR/Page_LINGOturk/span_Done Editing' is clicked on

2020-01-09 19:03:11 - [MESSAGE][PASSED] - Object: 'Object Repository/C8_File_Input_OR/Page_LINGOturk/span_Done Editing' is clicked on

2020-01-09 19:03:11 - [TEST_STEP][PASSED] - closeBrowser(): Browser is closed

2020-01-09 19:03:12 - [MESSAGE][PASSED] - Browser is closed]]></system-out>
         <system-err><![CDATA[]]></system-err>
      </testcase>
      <system-out><![CDATA[2020-01-09 18:59:51 - [TEST_SUITE][PASSED] - TS105_C7_C8: Test Cases/C8_File_Input]]></system-out>
      <system-err><![CDATA[]]></system-err>
   </testsuite>
</testsuites>
